<html>
<head>
<title>TestNG:  testpackages</title>
<link href="../testng.css" rel="stylesheet" type="text/css" />
<link href="../my-testng.css" rel="stylesheet" type="text/css" />

<style type="text/css">
.log { display: none;} 
.stack-trace { display: none;} 
</style>
<script type="text/javascript">
<!--
function flip(e) {
  current = e.style.display;
  if (current == 'block') {
    e.style.display = 'none';
    return 0;
  }
  else {
    e.style.display = 'block';
    return 1;
  }
}

function toggleBox(szDivId, elem, msg1, msg2)
{
  var res = -1;  if (document.getElementById) {
    res = flip(document.getElementById(szDivId));
  }
  else if (document.all) {
    // this is the way old msie versions work
    res = flip(document.all[szDivId]);
  }
  if(elem) {
    if(res == 0) elem.innerHTML = msg1; else elem.innerHTML = msg2;
  }

}

function toggleAllBoxes() {
  if (document.getElementsByTagName) {
    d = document.getElementsByTagName('div');
    for (i = 0; i < d.length; i++) {
      if (d[i].className == 'log') {
        flip(d[i]);
      }
    }
  }
}

// -->
</script>

</head>
<body>
<h2 align='center'>testpackages</h2><table border='1' align="center">
<tr>
<td>Tests passed/Failed/Skipped:</td><td>28/3/3</td>
</tr><tr>
<td>Started on:</td><td>Tue Dec 25 17:24:40 IST 2018</td>
</tr>
<tr><td>Total time:</td><td>30 seconds (30817 ms)</td>
</tr><tr>
<td>Included groups:</td><td></td>
</tr><tr>
<td>Excluded groups:</td><td></td>
</tr>
</table><p/>
<small><i>(Hover the method name to see the test class name)</i></small><p/>
<table width='100%' border='1' class='invocation-failed'>
<tr><td colspan='4' align='center'><b>FAILED TESTS</b></td></tr>
<tr><td><b>Test method</b></td>
<td width="30%"><b>Exception</b></td>
<td width="10%"><b>Time (seconds)</b></td>
<td><b>Instance</b></td>
</tr>
<tr>
<td title='com.sample.selenium.testng.SampleClass.b_m1()'><b>b_m1</b><br>Test class: com.sample.selenium.testng.SampleClass<br>Test method: to validate username</td>
<td><div><pre>java.lang.AssertionError: expected [Please enter admin Username] but found [Please enter admin Username.]
	at com.sample.selenium.testng.SampleClass.b_m1(SampleClass.java:30)
	at org.apache.maven.surefire.testng.TestNGExecutor.run(TestNGExecutor.java:283)
	at org.apache.maven.surefire.testng.TestNGXmlTestSuite.execute(TestNGXmlTestSuite.java:75)
	at org.apache.maven.surefire.testng.TestNGProvider.invoke(TestNGProvider.java:120)
	at org.apache.maven.surefire.booter.ForkedBooter.invokeProviderInSameClassLoader(ForkedBooter.java:379)
	at org.apache.maven.surefire.booter.ForkedBooter.runSuitesInProcess(ForkedBooter.java:340)
	at org.apache.maven.surefire.booter.ForkedBooter.execute(ForkedBooter.java:125)
	at org.apache.maven.surefire.booter.ForkedBooter.main(ForkedBooter.java:413)
... Removed 26 stack frames</pre></div><a href='#' onClick='toggleBox("stack-trace940857381", this, "Click to show all stack frames", "Click to hide stack frames")'>Click to show all stack frames</a>
<div class='stack-trace' id='stack-trace940857381'><pre>java.lang.AssertionError: expected [Please enter admin Username] but found [Please enter admin Username.]
	at org.testng.Assert.fail(Assert.java:89)
	at org.testng.Assert.failNotEquals(Assert.java:489)
	at org.testng.Assert.assertEquals(Assert.java:118)
	at org.testng.Assert.assertEquals(Assert.java:171)
	at org.testng.Assert.assertEquals(Assert.java:181)
	at com.sample.selenium.testng.SampleClass.b_m1(SampleClass.java:30)
	at sun.reflect.NativeMethodAccessorImpl.invoke0(Native Method)
	at sun.reflect.NativeMethodAccessorImpl.invoke(NativeMethodAccessorImpl.java:62)
	at sun.reflect.DelegatingMethodAccessorImpl.invoke(DelegatingMethodAccessorImpl.java:43)
	at java.lang.reflect.Method.invoke(Method.java:497)
	at org.testng.internal.MethodInvocationHelper.invokeMethod(MethodInvocationHelper.java:80)
	at org.testng.internal.Invoker.invokeMethod(Invoker.java:715)
	at org.testng.internal.Invoker.invokeTestMethod(Invoker.java:907)
	at org.testng.internal.Invoker.invokeTestMethods(Invoker.java:1237)
	at org.testng.internal.TestMethodWorker.invokeTestMethods(TestMethodWorker.java:127)
	at org.testng.internal.TestMethodWorker.run(TestMethodWorker.java:111)
	at org.testng.TestRunner.privateRun(TestRunner.java:767)
	at org.testng.TestRunner.run(TestRunner.java:617)
	at org.testng.SuiteRunner.runTest(SuiteRunner.java:334)
	at org.testng.SuiteRunner.runSequentially(SuiteRunner.java:329)
	at org.testng.SuiteRunner.privateRun(SuiteRunner.java:291)
	at org.testng.SuiteRunner.run(SuiteRunner.java:240)
	at org.testng.SuiteRunnerWorker.runSuite(SuiteRunnerWorker.java:51)
	at org.testng.SuiteRunnerWorker.run(SuiteRunnerWorker.java:85)
	at org.testng.TestNG.runSuitesSequentially(TestNG.java:1197)
	at org.testng.TestNG.runSuitesLocally(TestNG.java:1122)
	at org.testng.TestNG.run(TestNG.java:1030)
	at org.apache.maven.surefire.testng.TestNGExecutor.run(TestNGExecutor.java:283)
	at org.apache.maven.surefire.testng.TestNGXmlTestSuite.execute(TestNGXmlTestSuite.java:75)
	at org.apache.maven.surefire.testng.TestNGProvider.invoke(TestNGProvider.java:120)
	at org.apache.maven.surefire.booter.ForkedBooter.invokeProviderInSameClassLoader(ForkedBooter.java:379)
	at org.apache.maven.surefire.booter.ForkedBooter.runSuitesInProcess(ForkedBooter.java:340)
	at org.apache.maven.surefire.booter.ForkedBooter.execute(ForkedBooter.java:125)
	at org.apache.maven.surefire.booter.ForkedBooter.main(ForkedBooter.java:413)
</pre></div></td>
<td>7</td>
<td>com.sample.selenium.testng.SampleClass@3f2a3a5</td></tr>
<tr>
<td title='com.sample.selenium.testng.SampleClass2.b_m1()'><b>b_m1</b><br>Test class: com.sample.selenium.testng.SampleClass2<br>Test method: to validate username</td>
<td><div><pre>java.lang.NullPointerException
	at com.sample.selenium.testng.SampleClass2.b_m1(SampleClass2.java:20)
	at org.apache.maven.surefire.testng.TestNGExecutor.run(TestNGExecutor.java:283)
	at org.apache.maven.surefire.testng.TestNGXmlTestSuite.execute(TestNGXmlTestSuite.java:75)
	at org.apache.maven.surefire.testng.TestNGProvider.invoke(TestNGProvider.java:120)
	at org.apache.maven.surefire.booter.ForkedBooter.invokeProviderInSameClassLoader(ForkedBooter.java:379)
	at org.apache.maven.surefire.booter.ForkedBooter.runSuitesInProcess(ForkedBooter.java:340)
	at org.apache.maven.surefire.booter.ForkedBooter.execute(ForkedBooter.java:125)
	at org.apache.maven.surefire.booter.ForkedBooter.main(ForkedBooter.java:413)
... Removed 21 stack frames</pre></div><a href='#' onClick='toggleBox("stack-trace2109839984", this, "Click to show all stack frames", "Click to hide stack frames")'>Click to show all stack frames</a>
<div class='stack-trace' id='stack-trace2109839984'><pre>java.lang.NullPointerException
	at com.sample.selenium.testng.SampleClass2.b_m1(SampleClass2.java:20)
	at sun.reflect.NativeMethodAccessorImpl.invoke0(Native Method)
	at sun.reflect.NativeMethodAccessorImpl.invoke(NativeMethodAccessorImpl.java:62)
	at sun.reflect.DelegatingMethodAccessorImpl.invoke(DelegatingMethodAccessorImpl.java:43)
	at java.lang.reflect.Method.invoke(Method.java:497)
	at org.testng.internal.MethodInvocationHelper.invokeMethod(MethodInvocationHelper.java:80)
	at org.testng.internal.Invoker.invokeMethod(Invoker.java:715)
	at org.testng.internal.Invoker.invokeTestMethod(Invoker.java:907)
	at org.testng.internal.Invoker.invokeTestMethods(Invoker.java:1237)
	at org.testng.internal.TestMethodWorker.invokeTestMethods(TestMethodWorker.java:127)
	at org.testng.internal.TestMethodWorker.run(TestMethodWorker.java:111)
	at org.testng.TestRunner.privateRun(TestRunner.java:767)
	at org.testng.TestRunner.run(TestRunner.java:617)
	at org.testng.SuiteRunner.runTest(SuiteRunner.java:334)
	at org.testng.SuiteRunner.runSequentially(SuiteRunner.java:329)
	at org.testng.SuiteRunner.privateRun(SuiteRunner.java:291)
	at org.testng.SuiteRunner.run(SuiteRunner.java:240)
	at org.testng.SuiteRunnerWorker.runSuite(SuiteRunnerWorker.java:51)
	at org.testng.SuiteRunnerWorker.run(SuiteRunnerWorker.java:85)
	at org.testng.TestNG.runSuitesSequentially(TestNG.java:1197)
	at org.testng.TestNG.runSuitesLocally(TestNG.java:1122)
	at org.testng.TestNG.run(TestNG.java:1030)
	at org.apache.maven.surefire.testng.TestNGExecutor.run(TestNGExecutor.java:283)
	at org.apache.maven.surefire.testng.TestNGXmlTestSuite.execute(TestNGXmlTestSuite.java:75)
	at org.apache.maven.surefire.testng.TestNGProvider.invoke(TestNGProvider.java:120)
	at org.apache.maven.surefire.booter.ForkedBooter.invokeProviderInSameClassLoader(ForkedBooter.java:379)
	at org.apache.maven.surefire.booter.ForkedBooter.runSuitesInProcess(ForkedBooter.java:340)
	at org.apache.maven.surefire.booter.ForkedBooter.execute(ForkedBooter.java:125)
	at org.apache.maven.surefire.booter.ForkedBooter.main(ForkedBooter.java:413)
</pre></div></td>
<td>0</td>
<td>com.sample.selenium.testng.SampleClass2@3b81a1bc</td></tr>
<tr>
<td title='com.sample.selenium.testng.SampleClass3.b_m1()'><b>b_m1</b><br>Test class: com.sample.selenium.testng.SampleClass3<br>Test method: to validate username</td>
<td><div><pre>java.lang.AssertionError: expected [Please enter admin Username] but found [Please enter admin Username.]
	at com.sample.selenium.testng.SampleClass3.b_m1(SampleClass3.java:30)
	at org.apache.maven.surefire.testng.TestNGExecutor.run(TestNGExecutor.java:283)
	at org.apache.maven.surefire.testng.TestNGXmlTestSuite.execute(TestNGXmlTestSuite.java:75)
	at org.apache.maven.surefire.testng.TestNGProvider.invoke(TestNGProvider.java:120)
	at org.apache.maven.surefire.booter.ForkedBooter.invokeProviderInSameClassLoader(ForkedBooter.java:379)
	at org.apache.maven.surefire.booter.ForkedBooter.runSuitesInProcess(ForkedBooter.java:340)
	at org.apache.maven.surefire.booter.ForkedBooter.execute(ForkedBooter.java:125)
	at org.apache.maven.surefire.booter.ForkedBooter.main(ForkedBooter.java:413)
... Removed 26 stack frames</pre></div><a href='#' onClick='toggleBox("stack-trace1594873248", this, "Click to show all stack frames", "Click to hide stack frames")'>Click to show all stack frames</a>
<div class='stack-trace' id='stack-trace1594873248'><pre>java.lang.AssertionError: expected [Please enter admin Username] but found [Please enter admin Username.]
	at org.testng.Assert.fail(Assert.java:89)
	at org.testng.Assert.failNotEquals(Assert.java:489)
	at org.testng.Assert.assertEquals(Assert.java:118)
	at org.testng.Assert.assertEquals(Assert.java:171)
	at org.testng.Assert.assertEquals(Assert.java:181)
	at com.sample.selenium.testng.SampleClass3.b_m1(SampleClass3.java:30)
	at sun.reflect.NativeMethodAccessorImpl.invoke0(Native Method)
	at sun.reflect.NativeMethodAccessorImpl.invoke(NativeMethodAccessorImpl.java:62)
	at sun.reflect.DelegatingMethodAccessorImpl.invoke(DelegatingMethodAccessorImpl.java:43)
	at java.lang.reflect.Method.invoke(Method.java:497)
	at org.testng.internal.MethodInvocationHelper.invokeMethod(MethodInvocationHelper.java:80)
	at org.testng.internal.Invoker.invokeMethod(Invoker.java:715)
	at org.testng.internal.Invoker.invokeTestMethod(Invoker.java:907)
	at org.testng.internal.Invoker.invokeTestMethods(Invoker.java:1237)
	at org.testng.internal.TestMethodWorker.invokeTestMethods(TestMethodWorker.java:127)
	at org.testng.internal.TestMethodWorker.run(TestMethodWorker.java:111)
	at org.testng.TestRunner.privateRun(TestRunner.java:767)
	at org.testng.TestRunner.run(TestRunner.java:617)
	at org.testng.SuiteRunner.runTest(SuiteRunner.java:334)
	at org.testng.SuiteRunner.runSequentially(SuiteRunner.java:329)
	at org.testng.SuiteRunner.privateRun(SuiteRunner.java:291)
	at org.testng.SuiteRunner.run(SuiteRunner.java:240)
	at org.testng.SuiteRunnerWorker.runSuite(SuiteRunnerWorker.java:51)
	at org.testng.SuiteRunnerWorker.run(SuiteRunnerWorker.java:85)
	at org.testng.TestNG.runSuitesSequentially(TestNG.java:1197)
	at org.testng.TestNG.runSuitesLocally(TestNG.java:1122)
	at org.testng.TestNG.run(TestNG.java:1030)
	at org.apache.maven.surefire.testng.TestNGExecutor.run(TestNGExecutor.java:283)
	at org.apache.maven.surefire.testng.TestNGXmlTestSuite.execute(TestNGXmlTestSuite.java:75)
	at org.apache.maven.surefire.testng.TestNGProvider.invoke(TestNGProvider.java:120)
	at org.apache.maven.surefire.booter.ForkedBooter.invokeProviderInSameClassLoader(ForkedBooter.java:379)
	at org.apache.maven.surefire.booter.ForkedBooter.runSuitesInProcess(ForkedBooter.java:340)
	at org.apache.maven.surefire.booter.ForkedBooter.execute(ForkedBooter.java:125)
	at org.apache.maven.surefire.booter.ForkedBooter.main(ForkedBooter.java:413)
</pre></div></td>
<td>13</td>
<td>com.sample.selenium.testng.SampleClass3@4cb2c100</td></tr>
</table><p>
<table width='100%' border='1' class='invocation-passed'>
<tr><td colspan='4' align='center'><b>PASSED TESTS</b></td></tr>
<tr><td><b>Test method</b></td>
<td width="30%"><b>Exception</b></td>
<td width="10%"><b>Time (seconds)</b></td>
<td><b>Instance</b></td>
</tr>
<tr>
<td title='com.sample.selenium.testng.SampleClass.a_m3()'><b>a_m3</b><br>Test class: com.sample.selenium.testng.SampleClass</td>
<td></td>
<td>0</td>
<td>com.sample.selenium.testng.SampleClass@3f2a3a5</td></tr>
<tr>
<td title='com.sample.selenium.testng.SampleClass2.a_m3()'><b>a_m3</b><br>Test class: com.sample.selenium.testng.SampleClass2</td>
<td></td>
<td>0</td>
<td>com.sample.selenium.testng.SampleClass2@3b81a1bc</td></tr>
<tr>
<td title='com.sample.selenium.testng.SampleClass3.a_m3()'><b>a_m3</b><br>Test class: com.sample.selenium.testng.SampleClass3</td>
<td></td>
<td>0</td>
<td>com.sample.selenium.testng.SampleClass3@4cb2c100</td></tr>
<tr>
<td title='com.sample.selenium.testng.SampleClass.d_m5()'><b>d_m5</b><br>Test class: com.sample.selenium.testng.SampleClass</td>
<td></td>
<td>0</td>
<td>com.sample.selenium.testng.SampleClass@3f2a3a5</td></tr>
<tr>
<td title='com.sample.selenium.testng.SampleClass2.d_m5()'><b>d_m5</b><br>Test class: com.sample.selenium.testng.SampleClass2</td>
<td></td>
<td>0</td>
<td>com.sample.selenium.testng.SampleClass2@3b81a1bc</td></tr>
<tr>
<td title='com.sample.selenium.testng.SampleClass3.d_m5()'><b>d_m5</b><br>Test class: com.sample.selenium.testng.SampleClass3</td>
<td></td>
<td>0</td>
<td>com.sample.selenium.testng.SampleClass3@4cb2c100</td></tr>
<tr>
<td title='com.sample.selenium.testng.SampleClass.e_m4()'><b>e_m4</b><br>Test class: com.sample.selenium.testng.SampleClass</td>
<td></td>
<td>0</td>
<td>com.sample.selenium.testng.SampleClass@3f2a3a5</td></tr>
<tr>
<td title='com.sample.selenium.testng.SampleClass2.e_m4()'><b>e_m4</b><br>Test class: com.sample.selenium.testng.SampleClass2</td>
<td></td>
<td>0</td>
<td>com.sample.selenium.testng.SampleClass2@3b81a1bc</td></tr>
<tr>
<td title='com.sample.selenium.testng.SampleClass3.e_m4()'><b>e_m4</b><br>Test class: com.sample.selenium.testng.SampleClass3</td>
<td></td>
<td>0</td>
<td>com.sample.selenium.testng.SampleClass3@4cb2c100</td></tr>
<tr>
<td title='com.sample.selenium.testng.DataProviderSample.m1()'><b>m1</b><br>Test class: com.sample.selenium.testng.DataProviderSample<br>Parameters: user1, pass1</td>
<td></td>
<td>0</td>
<td>com.sample.selenium.testng.DataProviderSample@6fb554cc</td></tr>
<tr>
<td title='com.sample.selenium.testng.DataProviderSample.m1()'><b>m1</b><br>Test class: com.sample.selenium.testng.DataProviderSample<br>Parameters: user2, pass2</td>
<td></td>
<td>0</td>
<td>com.sample.selenium.testng.DataProviderSample@6fb554cc</td></tr>
<tr>
<td title='com.sample.selenium.testng.DataProviderSample.m1()'><b>m1</b><br>Test class: com.sample.selenium.testng.DataProviderSample<br>Parameters: user3, pass3</td>
<td></td>
<td>0</td>
<td>com.sample.selenium.testng.DataProviderSample@6fb554cc</td></tr>
<tr>
<td title='com.sample.selenium.testng.DataProviderSample.m1()'><b>m1</b><br>Test class: com.sample.selenium.testng.DataProviderSample<br>Parameters: user4, pass4</td>
<td></td>
<td>0</td>
<td>com.sample.selenium.testng.DataProviderSample@6fb554cc</td></tr>
<tr>
<td title='com.sample.selenium.testng.DataProviderSample.m1()'><b>m1</b><br>Test class: com.sample.selenium.testng.DataProviderSample<br>Parameters: user5, pass5</td>
<td></td>
<td>0</td>
<td>com.sample.selenium.testng.DataProviderSample@6fb554cc</td></tr>
<tr>
<td title='com.sample.selenium.testng.DataProviderSample.m1()'><b>m1</b><br>Test class: com.sample.selenium.testng.DataProviderSample<br>Parameters: user6, pass6</td>
<td></td>
<td>0</td>
<td>com.sample.selenium.testng.DataProviderSample@6fb554cc</td></tr>
<tr>
<td title='com.sample.selenium.testng.DataProviderSample.m1()'><b>m1</b><br>Test class: com.sample.selenium.testng.DataProviderSample<br>Parameters: user7, pass7</td>
<td></td>
<td>0</td>
<td>com.sample.selenium.testng.DataProviderSample@6fb554cc</td></tr>
<tr>
<td title='com.sample.selenium.testng.DataProviderSample.m1()'><b>m1</b><br>Test class: com.sample.selenium.testng.DataProviderSample<br>Parameters: user8, pass8</td>
<td></td>
<td>0</td>
<td>com.sample.selenium.testng.DataProviderSample@6fb554cc</td></tr>
<tr>
<td title='com.sample.selenium.testng.DataProviderSample.m1()'><b>m1</b><br>Test class: com.sample.selenium.testng.DataProviderSample<br>Parameters: user9, pass9</td>
<td></td>
<td>0</td>
<td>com.sample.selenium.testng.DataProviderSample@6fb554cc</td></tr>
<tr>
<td title='com.sample.selenium.testng.DataProviderSample.m1()'><b>m1</b><br>Test class: com.sample.selenium.testng.DataProviderSample<br>Parameters: user10, pass10</td>
<td></td>
<td>0</td>
<td>com.sample.selenium.testng.DataProviderSample@6fb554cc</td></tr>
<tr>
<td title='com.sample.selenium.testng.DataProviderSample.m1()'><b>m1</b><br>Test class: com.sample.selenium.testng.DataProviderSample<br>Parameters: user11, pass11</td>
<td></td>
<td>0</td>
<td>com.sample.selenium.testng.DataProviderSample@6fb554cc</td></tr>
<tr>
<td title='com.sample.selenium.testng.DataProviderSample.m1()'><b>m1</b><br>Test class: com.sample.selenium.testng.DataProviderSample<br>Parameters: user12, pass12</td>
<td></td>
<td>0</td>
<td>com.sample.selenium.testng.DataProviderSample@6fb554cc</td></tr>
<tr>
<td title='com.sample.selenium.testng.DataProviderSample.m1()'><b>m1</b><br>Test class: com.sample.selenium.testng.DataProviderSample<br>Parameters: user13, pass13</td>
<td></td>
<td>0</td>
<td>com.sample.selenium.testng.DataProviderSample@6fb554cc</td></tr>
<tr>
<td title='com.sample.selenium.testng.DataProviderSample.m1()'><b>m1</b><br>Test class: com.sample.selenium.testng.DataProviderSample<br>Parameters: user14, pass14</td>
<td></td>
<td>0</td>
<td>com.sample.selenium.testng.DataProviderSample@6fb554cc</td></tr>
<tr>
<td title='com.sample.selenium.testng.DataProviderSample.m1()'><b>m1</b><br>Test class: com.sample.selenium.testng.DataProviderSample<br>Parameters: user15, pass15</td>
<td></td>
<td>0</td>
<td>com.sample.selenium.testng.DataProviderSample@6fb554cc</td></tr>
<tr>
<td title='com.sample.selenium.testng.DataProviderSample.m1()'><b>m1</b><br>Test class: com.sample.selenium.testng.DataProviderSample<br>Parameters: user16, pass16</td>
<td></td>
<td>0</td>
<td>com.sample.selenium.testng.DataProviderSample@6fb554cc</td></tr>
<tr>
<td title='com.sample.selenium.testng.DataProviderSample.m1()'><b>m1</b><br>Test class: com.sample.selenium.testng.DataProviderSample<br>Parameters: user17, pass17</td>
<td></td>
<td>0</td>
<td>com.sample.selenium.testng.DataProviderSample@6fb554cc</td></tr>
<tr>
<td title='com.sample.selenium.testng.DataProviderSample.m1()'><b>m1</b><br>Test class: com.sample.selenium.testng.DataProviderSample<br>Parameters: user18, pass18</td>
<td></td>
<td>0</td>
<td>com.sample.selenium.testng.DataProviderSample@6fb554cc</td></tr>
<tr>
<td title='com.sample.selenium.testng.XmlParameterSample.m1()'><b>m1</b><br>Test class: com.sample.selenium.testng.XmlParameterSample<br>Parameters: chrome</td>
<td></td>
<td>0</td>
<td>com.sample.selenium.testng.XmlParameterSample@60addb54</td></tr>
</table><p>
<table width='100%' border='1' class='invocation-skipped'>
<tr><td colspan='4' align='center'><b>SKIPPED TESTS</b></td></tr>
<tr><td><b>Test method</b></td>
<td width="30%"><b>Exception</b></td>
<td width="10%"><b>Time (seconds)</b></td>
<td><b>Instance</b></td>
</tr>
<tr>
<td title='com.sample.selenium.testng.SampleClass.c_m2()'><b>c_m2</b><br>Test class: com.sample.selenium.testng.SampleClass</td>
<td></td>
<td>0</td>
<td>null</td></tr>
<tr>
<td title='com.sample.selenium.testng.SampleClass2.c_m2()'><b>c_m2</b><br>Test class: com.sample.selenium.testng.SampleClass2</td>
<td></td>
<td>0</td>
<td>null</td></tr>
<tr>
<td title='com.sample.selenium.testng.SampleClass3.c_m2()'><b>c_m2</b><br>Test class: com.sample.selenium.testng.SampleClass3</td>
<td></td>
<td>0</td>
<td>null</td></tr>
</table><p>
</body>
</html>