<?xml version="1.0" encoding="UTF-8"?>
<!-- Generated by org.testng.reporters.JUnitXMLReporter -->
<testsuite hostname="Karthick" name="testing2" tests="4" failures="1" timestamp="25 Dec 2018 11:55:57 GMT" time="5.37" errors="0">
  <testcase name="b_m1" time="4.742" classname="com.sample.selenium.testng.SampleClass">
    <failure type="java.lang.AssertionError" message="expected [Please enter admin Username] but found [Please enter admin Username.]">
      <![CDATA[java.lang.AssertionError: expected [Please enter admin Username] but found [Please enter admin Username.]
	at com.sample.selenium.testng.SampleClass.b_m1(SampleClass.java:30)
	at org.apache.maven.surefire.testng.TestNGExecutor.run(TestNGExecutor.java:283)
	at org.apache.maven.surefire.testng.TestNGXmlTestSuite.execute(TestNGXmlTestSuite.java:75)
	at org.apache.maven.surefire.testng.TestNGProvider.invoke(TestNGProvider.java:120)
	at org.apache.maven.surefire.booter.ForkedBooter.invokeProviderInSameClassLoader(ForkedBooter.java:379)
	at org.apache.maven.surefire.booter.ForkedBooter.runSuitesInProcess(ForkedBooter.java:340)
	at org.apache.maven.surefire.booter.ForkedBooter.execute(ForkedBooter.java:125)
	at org.apache.maven.surefire.booter.ForkedBooter.main(ForkedBooter.java:413)
... Removed 26 stack frames]]>
    </failure>
  </testcase> <!-- b_m1 -->
  <testcase name="a_m3" time="0.0" classname="com.sample.selenium.testng.SampleClass"/>
  <testcase name="e_m4" time="0.0" classname="com.sample.selenium.testng.SampleClass"/>
  <testcase name="c_m2" time="0.0" classname="com.sample.selenium.testng.SampleClass">
    <skipped/>
  </testcase> <!-- c_m2 -->
</testsuite> <!-- testing2 -->
