<?xml version="1.0" encoding="UTF-8"?>
<!-- Generated by org.testng.reporters.JUnitXMLReporter -->
<testsuite hostname="Karthick" name="testpackages" tests="34" failures="3" timestamp="25 Dec 2018 11:55:11 GMT" time="30.817" errors="0">
  <testcase name="m1" time="0.001" classname="com.sample.selenium.testng.DataProviderSample"/>
  <testcase name="m1" time="0.0" classname="com.sample.selenium.testng.DataProviderSample"/>
  <testcase name="m1" time="0.001" classname="com.sample.selenium.testng.DataProviderSample"/>
  <testcase name="m1" time="0.0" classname="com.sample.selenium.testng.DataProviderSample"/>
  <testcase name="m1" time="0.0" classname="com.sample.selenium.testng.DataProviderSample"/>
  <testcase name="m1" time="0.001" classname="com.sample.selenium.testng.DataProviderSample"/>
  <testcase name="m1" time="0.001" classname="com.sample.selenium.testng.DataProviderSample"/>
  <testcase name="m1" time="0.0" classname="com.sample.selenium.testng.DataProviderSample"/>
  <testcase name="m1" time="0.001" classname="com.sample.selenium.testng.DataProviderSample"/>
  <testcase name="m1" time="0.001" classname="com.sample.selenium.testng.DataProviderSample"/>
  <testcase name="m1" time="0.0" classname="com.sample.selenium.testng.DataProviderSample"/>
  <testcase name="m1" time="0.003" classname="com.sample.selenium.testng.DataProviderSample"/>
  <testcase name="m1" time="0.001" classname="com.sample.selenium.testng.DataProviderSample"/>
  <testcase name="m1" time="0.001" classname="com.sample.selenium.testng.DataProviderSample"/>
  <testcase name="m1" time="0.001" classname="com.sample.selenium.testng.DataProviderSample"/>
  <testcase name="m1" time="0.002" classname="com.sample.selenium.testng.DataProviderSample"/>
  <testcase name="m1" time="0.004" classname="com.sample.selenium.testng.DataProviderSample"/>
  <testcase name="m1" time="0.001" classname="com.sample.selenium.testng.DataProviderSample"/>
  <testcase name="b_m1" time="7.742" classname="com.sample.selenium.testng.SampleClass">
    <failure type="java.lang.AssertionError" message="expected [Please enter admin Username] but found [Please enter admin Username.]">
      <![CDATA[java.lang.AssertionError: expected [Please enter admin Username] but found [Please enter admin Username.]
	at com.sample.selenium.testng.SampleClass.b_m1(SampleClass.java:30)
	at org.apache.maven.surefire.testng.TestNGExecutor.run(TestNGExecutor.java:283)
	at org.apache.maven.surefire.testng.TestNGXmlTestSuite.execute(TestNGXmlTestSuite.java:75)
	at org.apache.maven.surefire.testng.TestNGProvider.invoke(TestNGProvider.java:120)
	at org.apache.maven.surefire.booter.ForkedBooter.invokeProviderInSameClassLoader(ForkedBooter.java:379)
	at org.apache.maven.surefire.booter.ForkedBooter.runSuitesInProcess(ForkedBooter.java:340)
	at org.apache.maven.surefire.booter.ForkedBooter.execute(ForkedBooter.java:125)
	at org.apache.maven.surefire.booter.ForkedBooter.main(ForkedBooter.java:413)
... Removed 26 stack frames]]>
    </failure>
  </testcase> <!-- b_m1 -->
  <testcase name="a_m3" time="0.0" classname="com.sample.selenium.testng.SampleClass"/>
  <testcase name="e_m4" time="0.0" classname="com.sample.selenium.testng.SampleClass"/>
  <testcase name="d_m5" time="0.0" classname="com.sample.selenium.testng.SampleClass"/>
  <testcase name="c_m2" time="0.011" classname="com.sample.selenium.testng.SampleClass">
    <skipped/>
  </testcase> <!-- c_m2 -->
  <testcase name="b_m1" time="0.001" classname="com.sample.selenium.testng.SampleClass2">
    <failure type="java.lang.NullPointerException">
      <![CDATA[java.lang.NullPointerException
	at com.sample.selenium.testng.SampleClass2.b_m1(SampleClass2.java:20)
	at org.apache.maven.surefire.testng.TestNGExecutor.run(TestNGExecutor.java:283)
	at org.apache.maven.surefire.testng.TestNGXmlTestSuite.execute(TestNGXmlTestSuite.java:75)
	at org.apache.maven.surefire.testng.TestNGProvider.invoke(TestNGProvider.java:120)
	at org.apache.maven.surefire.booter.ForkedBooter.invokeProviderInSameClassLoader(ForkedBooter.java:379)
	at org.apache.maven.surefire.booter.ForkedBooter.runSuitesInProcess(ForkedBooter.java:340)
	at org.apache.maven.surefire.booter.ForkedBooter.execute(ForkedBooter.java:125)
	at org.apache.maven.surefire.booter.ForkedBooter.main(ForkedBooter.java:413)
... Removed 21 stack frames]]>
    </failure>
  </testcase> <!-- b_m1 -->
  <testcase name="a_m3" time="0.001" classname="com.sample.selenium.testng.SampleClass2"/>
  <testcase name="e_m4" time="0.0" classname="com.sample.selenium.testng.SampleClass2"/>
  <testcase name="d_m5" time="0.0" classname="com.sample.selenium.testng.SampleClass2"/>
  <testcase name="c_m2" time="0.001" classname="com.sample.selenium.testng.SampleClass2">
    <skipped/>
  </testcase> <!-- c_m2 -->
  <testcase name="b_m1" time="13.031" classname="com.sample.selenium.testng.SampleClass3">
    <failure type="java.lang.AssertionError" message="expected [Please enter admin Username] but found [Please enter admin Username.]">
      <![CDATA[java.lang.AssertionError: expected [Please enter admin Username] but found [Please enter admin Username.]
	at com.sample.selenium.testng.SampleClass3.b_m1(SampleClass3.java:30)
	at org.apache.maven.surefire.testng.TestNGExecutor.run(TestNGExecutor.java:283)
	at org.apache.maven.surefire.testng.TestNGXmlTestSuite.execute(TestNGXmlTestSuite.java:75)
	at org.apache.maven.surefire.testng.TestNGProvider.invoke(TestNGProvider.java:120)
	at org.apache.maven.surefire.booter.ForkedBooter.invokeProviderInSameClassLoader(ForkedBooter.java:379)
	at org.apache.maven.surefire.booter.ForkedBooter.runSuitesInProcess(ForkedBooter.java:340)
	at org.apache.maven.surefire.booter.ForkedBooter.execute(ForkedBooter.java:125)
	at org.apache.maven.surefire.booter.ForkedBooter.main(ForkedBooter.java:413)
... Removed 26 stack frames]]>
    </failure>
  </testcase> <!-- b_m1 -->
  <testcase name="a_m3" time="0.0" classname="com.sample.selenium.testng.SampleClass3"/>
  <testcase name="e_m4" time="0.001" classname="com.sample.selenium.testng.SampleClass3"/>
  <testcase name="d_m5" time="0.001" classname="com.sample.selenium.testng.SampleClass3"/>
  <testcase name="c_m2" time="0.0" classname="com.sample.selenium.testng.SampleClass3">
    <skipped/>
  </testcase> <!-- c_m2 -->
  <testcase name="m1" time="0.001" classname="com.sample.selenium.testng.XmlParameterSample"/>
</testsuite> <!-- testpackages -->
