<?xml version="1.0" encoding="UTF-8"?>
<testng-results skipped="7" failed="7" total="56" passed="42">
  <reporter-output>
  </reporter-output>
  <suite name="suite1" duration-ms="77431" started-at="2018-12-25T11:54:40Z" finished-at="2018-12-25T11:55:57Z">
    <groups>
      <group name="sanity">
        <method signature="SampleClass.a_m3()[pri:0, instance:com.sample.selenium.testng.SampleClass@3f2a3a5]" name="a_m3" class="com.sample.selenium.testng.SampleClass"/>
        <method signature="SampleClass.d_m5()[pri:0, instance:com.sample.selenium.testng.SampleClass@3f2a3a5]" name="d_m5" class="com.sample.selenium.testng.SampleClass"/>
        <method signature="SampleClass.e_m4()[pri:0, instance:com.sample.selenium.testng.SampleClass@3f2a3a5]" name="e_m4" class="com.sample.selenium.testng.SampleClass"/>
        <method signature="SampleClass.a_m3()[pri:0, instance:com.sample.selenium.testng.SampleClass@5a61f5df]" name="a_m3" class="com.sample.selenium.testng.SampleClass"/>
        <method signature="SampleClass.d_m5()[pri:0, instance:com.sample.selenium.testng.SampleClass@5a61f5df]" name="d_m5" class="com.sample.selenium.testng.SampleClass"/>
        <method signature="SampleClass.e_m4()[pri:0, instance:com.sample.selenium.testng.SampleClass@5a61f5df]" name="e_m4" class="com.sample.selenium.testng.SampleClass"/>
        <method signature="SampleClass.a_m3()[pri:0, instance:com.sample.selenium.testng.SampleClass@61dc03ce]" name="a_m3" class="com.sample.selenium.testng.SampleClass"/>
        <method signature="SampleClass.e_m4()[pri:0, instance:com.sample.selenium.testng.SampleClass@61dc03ce]" name="e_m4" class="com.sample.selenium.testng.SampleClass"/>
        <method signature="SampleClass.a_m3()[pri:0, instance:com.sample.selenium.testng.SampleClass@7f560810]" name="a_m3" class="com.sample.selenium.testng.SampleClass"/>
        <method signature="SampleClass.d_m5()[pri:0, instance:com.sample.selenium.testng.SampleClass@7f560810]" name="d_m5" class="com.sample.selenium.testng.SampleClass"/>
        <method signature="SampleClass.e_m4()[pri:0, instance:com.sample.selenium.testng.SampleClass@7f560810]" name="e_m4" class="com.sample.selenium.testng.SampleClass"/>
      </group> <!-- sanity -->
    </groups>
    <test name="testpackages" duration-ms="30817" started-at="2018-12-25T11:54:40Z" finished-at="2018-12-25T11:55:10Z">
      <class name="com.sample.selenium.testng.SampleClass">
        <test-method status="FAIL" signature="b_m1()[pri:0, instance:com.sample.selenium.testng.SampleClass@3f2a3a5]" name="b_m1" duration-ms="7742" started-at="2018-12-25T17:24:48Z" description="to validate username" finished-at="2018-12-25T17:24:56Z">
          <exception class="java.lang.AssertionError">
            <message>
              <![CDATA[expected [Please enter admin Username] but found [Please enter admin Username.]]]>
            </message>
            <full-stacktrace>
              <![CDATA[java.lang.AssertionError: expected [Please enter admin Username] but found [Please enter admin Username.]
	at org.testng.Assert.fail(Assert.java:89)
	at org.testng.Assert.failNotEquals(Assert.java:489)
	at org.testng.Assert.assertEquals(Assert.java:118)
	at org.testng.Assert.assertEquals(Assert.java:171)
	at org.testng.Assert.assertEquals(Assert.java:181)
	at com.sample.selenium.testng.SampleClass.b_m1(SampleClass.java:30)
	at sun.reflect.NativeMethodAccessorImpl.invoke0(Native Method)
	at sun.reflect.NativeMethodAccessorImpl.invoke(NativeMethodAccessorImpl.java:62)
	at sun.reflect.DelegatingMethodAccessorImpl.invoke(DelegatingMethodAccessorImpl.java:43)
	at java.lang.reflect.Method.invoke(Method.java:497)
	at org.testng.internal.MethodInvocationHelper.invokeMethod(MethodInvocationHelper.java:80)
	at org.testng.internal.Invoker.invokeMethod(Invoker.java:715)
	at org.testng.internal.Invoker.invokeTestMethod(Invoker.java:907)
	at org.testng.internal.Invoker.invokeTestMethods(Invoker.java:1237)
	at org.testng.internal.TestMethodWorker.invokeTestMethods(TestMethodWorker.java:127)
	at org.testng.internal.TestMethodWorker.run(TestMethodWorker.java:111)
	at org.testng.TestRunner.privateRun(TestRunner.java:767)
	at org.testng.TestRunner.run(TestRunner.java:617)
	at org.testng.SuiteRunner.runTest(SuiteRunner.java:334)
	at org.testng.SuiteRunner.runSequentially(SuiteRunner.java:329)
	at org.testng.SuiteRunner.privateRun(SuiteRunner.java:291)
	at org.testng.SuiteRunner.run(SuiteRunner.java:240)
	at org.testng.SuiteRunnerWorker.runSuite(SuiteRunnerWorker.java:51)
	at org.testng.SuiteRunnerWorker.run(SuiteRunnerWorker.java:85)
	at org.testng.TestNG.runSuitesSequentially(TestNG.java:1197)
	at org.testng.TestNG.runSuitesLocally(TestNG.java:1122)
	at org.testng.TestNG.run(TestNG.java:1030)
	at org.apache.maven.surefire.testng.TestNGExecutor.run(TestNGExecutor.java:283)
	at org.apache.maven.surefire.testng.TestNGXmlTestSuite.execute(TestNGXmlTestSuite.java:75)
	at org.apache.maven.surefire.testng.TestNGProvider.invoke(TestNGProvider.java:120)
	at org.apache.maven.surefire.booter.ForkedBooter.invokeProviderInSameClassLoader(ForkedBooter.java:379)
	at org.apache.maven.surefire.booter.ForkedBooter.runSuitesInProcess(ForkedBooter.java:340)
	at org.apache.maven.surefire.booter.ForkedBooter.execute(ForkedBooter.java:125)
	at org.apache.maven.surefire.booter.ForkedBooter.main(ForkedBooter.java:413)
]]>
            </full-stacktrace>
          </exception> <!-- java.lang.AssertionError -->
          <reporter-output>
          </reporter-output>
        </test-method> <!-- b_m1 -->
        <test-method status="PASS" signature="e_m4()[pri:0, instance:com.sample.selenium.testng.SampleClass@3f2a3a5]" name="e_m4" duration-ms="0" started-at="2018-12-25T17:24:56Z" finished-at="2018-12-25T17:24:56Z">
          <reporter-output>
          </reporter-output>
        </test-method> <!-- e_m4 -->
        <test-method status="PASS" signature="a_m3()[pri:0, instance:com.sample.selenium.testng.SampleClass@3f2a3a5]" name="a_m3" duration-ms="0" started-at="2018-12-25T17:24:56Z" finished-at="2018-12-25T17:24:56Z">
          <reporter-output>
          </reporter-output>
        </test-method> <!-- a_m3 -->
        <test-method status="PASS" signature="d_m5()[pri:0, instance:com.sample.selenium.testng.SampleClass@3f2a3a5]" name="d_m5" duration-ms="0" started-at="2018-12-25T17:24:56Z" finished-at="2018-12-25T17:24:56Z">
          <reporter-output>
          </reporter-output>
        </test-method> <!-- d_m5 -->
        <test-method status="SKIP" signature="c_m2()[pri:0, instance:com.sample.selenium.testng.SampleClass@3f2a3a5]" name="c_m2" duration-ms="11" started-at="2018-12-25T17:24:56Z" depends-on-methods="com.sample.selenium.testng.SampleClass.b_m1" finished-at="2018-12-25T17:24:56Z">
          <reporter-output>
          </reporter-output>
        </test-method> <!-- c_m2 -->
      </class> <!-- com.sample.selenium.testng.SampleClass -->
      <class name="com.sample.selenium.testng.XmlParameterSample">
        <test-method status="PASS" signature="m1(java.lang.String)[pri:0, instance:com.sample.selenium.testng.XmlParameterSample@60addb54]" name="m1" duration-ms="1" started-at="2018-12-25T17:25:09Z" finished-at="2018-12-25T17:25:09Z">
          <params>
            <param index="0">
              <value>
                <![CDATA[chrome]]>
              </value>
            </param>
          </params>
          <reporter-output>
          </reporter-output>
        </test-method> <!-- m1 -->
      </class> <!-- com.sample.selenium.testng.XmlParameterSample -->
      <class name="com.sample.selenium.testng.SampleClass3">
        <test-method status="FAIL" signature="b_m1()[pri:0, instance:com.sample.selenium.testng.SampleClass3@4cb2c100]" name="b_m1" duration-ms="13031" started-at="2018-12-25T17:24:56Z" description="to validate username" finished-at="2018-12-25T17:25:09Z">
          <exception class="java.lang.AssertionError">
            <message>
              <![CDATA[expected [Please enter admin Username] but found [Please enter admin Username.]]]>
            </message>
            <full-stacktrace>
              <![CDATA[java.lang.AssertionError: expected [Please enter admin Username] but found [Please enter admin Username.]
	at org.testng.Assert.fail(Assert.java:89)
	at org.testng.Assert.failNotEquals(Assert.java:489)
	at org.testng.Assert.assertEquals(Assert.java:118)
	at org.testng.Assert.assertEquals(Assert.java:171)
	at org.testng.Assert.assertEquals(Assert.java:181)
	at com.sample.selenium.testng.SampleClass3.b_m1(SampleClass3.java:30)
	at sun.reflect.NativeMethodAccessorImpl.invoke0(Native Method)
	at sun.reflect.NativeMethodAccessorImpl.invoke(NativeMethodAccessorImpl.java:62)
	at sun.reflect.DelegatingMethodAccessorImpl.invoke(DelegatingMethodAccessorImpl.java:43)
	at java.lang.reflect.Method.invoke(Method.java:497)
	at org.testng.internal.MethodInvocationHelper.invokeMethod(MethodInvocationHelper.java:80)
	at org.testng.internal.Invoker.invokeMethod(Invoker.java:715)
	at org.testng.internal.Invoker.invokeTestMethod(Invoker.java:907)
	at org.testng.internal.Invoker.invokeTestMethods(Invoker.java:1237)
	at org.testng.internal.TestMethodWorker.invokeTestMethods(TestMethodWorker.java:127)
	at org.testng.internal.TestMethodWorker.run(TestMethodWorker.java:111)
	at org.testng.TestRunner.privateRun(TestRunner.java:767)
	at org.testng.TestRunner.run(TestRunner.java:617)
	at org.testng.SuiteRunner.runTest(SuiteRunner.java:334)
	at org.testng.SuiteRunner.runSequentially(SuiteRunner.java:329)
	at org.testng.SuiteRunner.privateRun(SuiteRunner.java:291)
	at org.testng.SuiteRunner.run(SuiteRunner.java:240)
	at org.testng.SuiteRunnerWorker.runSuite(SuiteRunnerWorker.java:51)
	at org.testng.SuiteRunnerWorker.run(SuiteRunnerWorker.java:85)
	at org.testng.TestNG.runSuitesSequentially(TestNG.java:1197)
	at org.testng.TestNG.runSuitesLocally(TestNG.java:1122)
	at org.testng.TestNG.run(TestNG.java:1030)
	at org.apache.maven.surefire.testng.TestNGExecutor.run(TestNGExecutor.java:283)
	at org.apache.maven.surefire.testng.TestNGXmlTestSuite.execute(TestNGXmlTestSuite.java:75)
	at org.apache.maven.surefire.testng.TestNGProvider.invoke(TestNGProvider.java:120)
	at org.apache.maven.surefire.booter.ForkedBooter.invokeProviderInSameClassLoader(ForkedBooter.java:379)
	at org.apache.maven.surefire.booter.ForkedBooter.runSuitesInProcess(ForkedBooter.java:340)
	at org.apache.maven.surefire.booter.ForkedBooter.execute(ForkedBooter.java:125)
	at org.apache.maven.surefire.booter.ForkedBooter.main(ForkedBooter.java:413)
]]>
            </full-stacktrace>
          </exception> <!-- java.lang.AssertionError -->
          <reporter-output>
          </reporter-output>
        </test-method> <!-- b_m1 -->
        <test-method status="PASS" signature="e_m4()[pri:0, instance:com.sample.selenium.testng.SampleClass3@4cb2c100]" name="e_m4" duration-ms="1" started-at="2018-12-25T17:25:09Z" finished-at="2018-12-25T17:25:09Z">
          <reporter-output>
          </reporter-output>
        </test-method> <!-- e_m4 -->
        <test-method status="PASS" signature="a_m3()[pri:0, instance:com.sample.selenium.testng.SampleClass3@4cb2c100]" name="a_m3" duration-ms="0" started-at="2018-12-25T17:25:09Z" finished-at="2018-12-25T17:25:09Z">
          <reporter-output>
          </reporter-output>
        </test-method> <!-- a_m3 -->
        <test-method status="PASS" signature="d_m5()[pri:0, instance:com.sample.selenium.testng.SampleClass3@4cb2c100]" name="d_m5" duration-ms="1" started-at="2018-12-25T17:25:09Z" finished-at="2018-12-25T17:25:09Z">
          <reporter-output>
          </reporter-output>
        </test-method> <!-- d_m5 -->
        <test-method status="SKIP" signature="c_m2()[pri:0, instance:com.sample.selenium.testng.SampleClass3@4cb2c100]" name="c_m2" duration-ms="0" started-at="2018-12-25T17:25:09Z" depends-on-methods="com.sample.selenium.testng.SampleClass3.b_m1" finished-at="2018-12-25T17:25:09Z">
          <reporter-output>
          </reporter-output>
        </test-method> <!-- c_m2 -->
      </class> <!-- com.sample.selenium.testng.SampleClass3 -->
      <class name="com.sample.selenium.testng.SampleClass2">
        <test-method status="PASS" signature="setup()[pri:0, instance:com.sample.selenium.testng.SampleClass2@3b81a1bc]" name="setup" is-config="true" duration-ms="8266" started-at="2018-12-25T17:24:40Z" finished-at="2018-12-25T17:24:48Z">
          <reporter-output>
          </reporter-output>
        </test-method> <!-- setup -->
        <test-method status="PASS" signature="setup()[pri:0, instance:com.sample.selenium.testng.SampleClass@3f2a3a5]" name="setup" is-config="true" duration-ms="1" started-at="2018-12-25T17:24:48Z" finished-at="2018-12-25T17:24:48Z">
          <reporter-output>
          </reporter-output>
        </test-method> <!-- setup -->
        <test-method status="PASS" signature="setup()[pri:0, instance:com.sample.selenium.testng.SampleClass3@4cb2c100]" name="setup" is-config="true" duration-ms="0" started-at="2018-12-25T17:24:48Z" finished-at="2018-12-25T17:24:48Z">
          <reporter-output>
          </reporter-output>
        </test-method> <!-- setup -->
        <test-method status="FAIL" signature="b_m1()[pri:0, instance:com.sample.selenium.testng.SampleClass2@3b81a1bc]" name="b_m1" duration-ms="1" started-at="2018-12-25T17:24:56Z" description="to validate username" finished-at="2018-12-25T17:24:56Z">
          <exception class="java.lang.NullPointerException">
            <full-stacktrace>
              <![CDATA[java.lang.NullPointerException
	at com.sample.selenium.testng.SampleClass2.b_m1(SampleClass2.java:20)
	at sun.reflect.NativeMethodAccessorImpl.invoke0(Native Method)
	at sun.reflect.NativeMethodAccessorImpl.invoke(NativeMethodAccessorImpl.java:62)
	at sun.reflect.DelegatingMethodAccessorImpl.invoke(DelegatingMethodAccessorImpl.java:43)
	at java.lang.reflect.Method.invoke(Method.java:497)
	at org.testng.internal.MethodInvocationHelper.invokeMethod(MethodInvocationHelper.java:80)
	at org.testng.internal.Invoker.invokeMethod(Invoker.java:715)
	at org.testng.internal.Invoker.invokeTestMethod(Invoker.java:907)
	at org.testng.internal.Invoker.invokeTestMethods(Invoker.java:1237)
	at org.testng.internal.TestMethodWorker.invokeTestMethods(TestMethodWorker.java:127)
	at org.testng.internal.TestMethodWorker.run(TestMethodWorker.java:111)
	at org.testng.TestRunner.privateRun(TestRunner.java:767)
	at org.testng.TestRunner.run(TestRunner.java:617)
	at org.testng.SuiteRunner.runTest(SuiteRunner.java:334)
	at org.testng.SuiteRunner.runSequentially(SuiteRunner.java:329)
	at org.testng.SuiteRunner.privateRun(SuiteRunner.java:291)
	at org.testng.SuiteRunner.run(SuiteRunner.java:240)
	at org.testng.SuiteRunnerWorker.runSuite(SuiteRunnerWorker.java:51)
	at org.testng.SuiteRunnerWorker.run(SuiteRunnerWorker.java:85)
	at org.testng.TestNG.runSuitesSequentially(TestNG.java:1197)
	at org.testng.TestNG.runSuitesLocally(TestNG.java:1122)
	at org.testng.TestNG.run(TestNG.java:1030)
	at org.apache.maven.surefire.testng.TestNGExecutor.run(TestNGExecutor.java:283)
	at org.apache.maven.surefire.testng.TestNGXmlTestSuite.execute(TestNGXmlTestSuite.java:75)
	at org.apache.maven.surefire.testng.TestNGProvider.invoke(TestNGProvider.java:120)
	at org.apache.maven.surefire.booter.ForkedBooter.invokeProviderInSameClassLoader(ForkedBooter.java:379)
	at org.apache.maven.surefire.booter.ForkedBooter.runSuitesInProcess(ForkedBooter.java:340)
	at org.apache.maven.surefire.booter.ForkedBooter.execute(ForkedBooter.java:125)
	at org.apache.maven.surefire.booter.ForkedBooter.main(ForkedBooter.java:413)
]]>
            </full-stacktrace>
          </exception> <!-- java.lang.NullPointerException -->
          <reporter-output>
          </reporter-output>
        </test-method> <!-- b_m1 -->
        <test-method status="PASS" signature="a_m3()[pri:0, instance:com.sample.selenium.testng.SampleClass2@3b81a1bc]" name="a_m3" duration-ms="1" started-at="2018-12-25T17:24:56Z" finished-at="2018-12-25T17:24:56Z">
          <reporter-output>
          </reporter-output>
        </test-method> <!-- a_m3 -->
        <test-method status="PASS" signature="e_m4()[pri:0, instance:com.sample.selenium.testng.SampleClass2@3b81a1bc]" name="e_m4" duration-ms="0" started-at="2018-12-25T17:24:56Z" finished-at="2018-12-25T17:24:56Z">
          <reporter-output>
          </reporter-output>
        </test-method> <!-- e_m4 -->
        <test-method status="PASS" signature="d_m5()[pri:0, instance:com.sample.selenium.testng.SampleClass2@3b81a1bc]" name="d_m5" duration-ms="0" started-at="2018-12-25T17:24:56Z" finished-at="2018-12-25T17:24:56Z">
          <reporter-output>
          </reporter-output>
        </test-method> <!-- d_m5 -->
        <test-method status="SKIP" signature="c_m2()[pri:0, instance:com.sample.selenium.testng.SampleClass2@3b81a1bc]" name="c_m2" duration-ms="1" started-at="2018-12-25T17:24:56Z" depends-on-methods="com.sample.selenium.testng.SampleClass2.b_m1" finished-at="2018-12-25T17:24:56Z">
          <reporter-output>
          </reporter-output>
        </test-method> <!-- c_m2 -->
        <test-method status="PASS" signature="m7()[pri:0, instance:com.sample.selenium.testng.SampleClass@3f2a3a5]" name="m7" is-config="true" duration-ms="1222" started-at="2018-12-25T17:25:09Z" finished-at="2018-12-25T17:25:10Z">
          <reporter-output>
          </reporter-output>
        </test-method> <!-- m7 -->
        <test-method status="PASS" signature="m7()[pri:0, instance:com.sample.selenium.testng.SampleClass2@3b81a1bc]" name="m7" is-config="true" duration-ms="0" started-at="2018-12-25T17:25:09Z" finished-at="2018-12-25T17:25:09Z">
          <reporter-output>
          </reporter-output>
        </test-method> <!-- m7 -->
        <test-method status="PASS" signature="m7()[pri:0, instance:com.sample.selenium.testng.SampleClass3@4cb2c100]" name="m7" is-config="true" duration-ms="0" started-at="2018-12-25T17:25:10Z" finished-at="2018-12-25T17:25:10Z">
          <reporter-output>
          </reporter-output>
        </test-method> <!-- m7 -->
      </class> <!-- com.sample.selenium.testng.SampleClass2 -->
      <class name="com.sample.selenium.testng.DataProviderSample">
        <test-method status="PASS" signature="m1(java.lang.String, java.lang.String)[pri:0, instance:com.sample.selenium.testng.DataProviderSample@6fb554cc]" name="m1" duration-ms="1" started-at="2018-12-25T17:24:48Z" data-provider="DP1" finished-at="2018-12-25T17:24:48Z">
          <params>
            <param index="0">
              <value>
                <![CDATA[user1]]>
              </value>
            </param>
            <param index="1">
              <value>
                <![CDATA[pass1]]>
              </value>
            </param>
          </params>
          <reporter-output>
          </reporter-output>
        </test-method> <!-- m1 -->
        <test-method status="PASS" signature="m1(java.lang.String, java.lang.String)[pri:0, instance:com.sample.selenium.testng.DataProviderSample@6fb554cc]" name="m1" duration-ms="1" started-at="2018-12-25T17:24:48Z" data-provider="DP1" finished-at="2018-12-25T17:24:48Z">
          <params>
            <param index="0">
              <value>
                <![CDATA[user3]]>
              </value>
            </param>
            <param index="1">
              <value>
                <![CDATA[pass3]]>
              </value>
            </param>
          </params>
          <reporter-output>
          </reporter-output>
        </test-method> <!-- m1 -->
        <test-method status="PASS" signature="m1(java.lang.String, java.lang.String)[pri:0, instance:com.sample.selenium.testng.DataProviderSample@6fb554cc]" name="m1" duration-ms="0" started-at="2018-12-25T17:24:48Z" data-provider="DP1" finished-at="2018-12-25T17:24:48Z">
          <params>
            <param index="0">
              <value>
                <![CDATA[user2]]>
              </value>
            </param>
            <param index="1">
              <value>
                <![CDATA[pass2]]>
              </value>
            </param>
          </params>
          <reporter-output>
          </reporter-output>
        </test-method> <!-- m1 -->
        <test-method status="PASS" signature="m1(java.lang.String, java.lang.String)[pri:0, instance:com.sample.selenium.testng.DataProviderSample@6fb554cc]" name="m1" duration-ms="0" started-at="2018-12-25T17:24:48Z" data-provider="DP1" finished-at="2018-12-25T17:24:48Z">
          <params>
            <param index="0">
              <value>
                <![CDATA[user5]]>
              </value>
            </param>
            <param index="1">
              <value>
                <![CDATA[pass5]]>
              </value>
            </param>
          </params>
          <reporter-output>
          </reporter-output>
        </test-method> <!-- m1 -->
        <test-method status="PASS" signature="m1(java.lang.String, java.lang.String)[pri:0, instance:com.sample.selenium.testng.DataProviderSample@6fb554cc]" name="m1" duration-ms="0" started-at="2018-12-25T17:24:48Z" data-provider="DP1" finished-at="2018-12-25T17:24:48Z">
          <params>
            <param index="0">
              <value>
                <![CDATA[user4]]>
              </value>
            </param>
            <param index="1">
              <value>
                <![CDATA[pass4]]>
              </value>
            </param>
          </params>
          <reporter-output>
          </reporter-output>
        </test-method> <!-- m1 -->
        <test-method status="PASS" signature="m1(java.lang.String, java.lang.String)[pri:0, instance:com.sample.selenium.testng.DataProviderSample@6fb554cc]" name="m1" duration-ms="1" started-at="2018-12-25T17:24:48Z" data-provider="DP1" finished-at="2018-12-25T17:24:48Z">
          <params>
            <param index="0">
              <value>
                <![CDATA[user6]]>
              </value>
            </param>
            <param index="1">
              <value>
                <![CDATA[pass6]]>
              </value>
            </param>
          </params>
          <reporter-output>
          </reporter-output>
        </test-method> <!-- m1 -->
        <test-method status="PASS" signature="m1(java.lang.String, java.lang.String)[pri:0, instance:com.sample.selenium.testng.DataProviderSample@6fb554cc]" name="m1" duration-ms="1" started-at="2018-12-25T17:24:48Z" data-provider="DP1" finished-at="2018-12-25T17:24:48Z">
          <params>
            <param index="0">
              <value>
                <![CDATA[user7]]>
              </value>
            </param>
            <param index="1">
              <value>
                <![CDATA[pass7]]>
              </value>
            </param>
          </params>
          <reporter-output>
          </reporter-output>
        </test-method> <!-- m1 -->
        <test-method status="PASS" signature="m1(java.lang.String, java.lang.String)[pri:0, instance:com.sample.selenium.testng.DataProviderSample@6fb554cc]" name="m1" duration-ms="0" started-at="2018-12-25T17:24:48Z" data-provider="DP1" finished-at="2018-12-25T17:24:48Z">
          <params>
            <param index="0">
              <value>
                <![CDATA[user8]]>
              </value>
            </param>
            <param index="1">
              <value>
                <![CDATA[pass8]]>
              </value>
            </param>
          </params>
          <reporter-output>
          </reporter-output>
        </test-method> <!-- m1 -->
        <test-method status="PASS" signature="m1(java.lang.String, java.lang.String)[pri:0, instance:com.sample.selenium.testng.DataProviderSample@6fb554cc]" name="m1" duration-ms="1" started-at="2018-12-25T17:24:48Z" data-provider="DP1" finished-at="2018-12-25T17:24:48Z">
          <params>
            <param index="0">
              <value>
                <![CDATA[user9]]>
              </value>
            </param>
            <param index="1">
              <value>
                <![CDATA[pass9]]>
              </value>
            </param>
          </params>
          <reporter-output>
          </reporter-output>
        </test-method> <!-- m1 -->
        <test-method status="PASS" signature="m1(java.lang.String, java.lang.String)[pri:0, instance:com.sample.selenium.testng.DataProviderSample@6fb554cc]" name="m1" duration-ms="1" started-at="2018-12-25T17:24:48Z" data-provider="DP1" finished-at="2018-12-25T17:24:48Z">
          <params>
            <param index="0">
              <value>
                <![CDATA[user10]]>
              </value>
            </param>
            <param index="1">
              <value>
                <![CDATA[pass10]]>
              </value>
            </param>
          </params>
          <reporter-output>
          </reporter-output>
        </test-method> <!-- m1 -->
        <test-method status="PASS" signature="m1(java.lang.String, java.lang.String)[pri:0, instance:com.sample.selenium.testng.DataProviderSample@6fb554cc]" name="m1" duration-ms="0" started-at="2018-12-25T17:24:48Z" data-provider="DP1" finished-at="2018-12-25T17:24:48Z">
          <params>
            <param index="0">
              <value>
                <![CDATA[user11]]>
              </value>
            </param>
            <param index="1">
              <value>
                <![CDATA[pass11]]>
              </value>
            </param>
          </params>
          <reporter-output>
          </reporter-output>
        </test-method> <!-- m1 -->
        <test-method status="PASS" signature="m1(java.lang.String, java.lang.String)[pri:0, instance:com.sample.selenium.testng.DataProviderSample@6fb554cc]" name="m1" duration-ms="3" started-at="2018-12-25T17:24:48Z" data-provider="DP1" finished-at="2018-12-25T17:24:48Z">
          <params>
            <param index="0">
              <value>
                <![CDATA[user12]]>
              </value>
            </param>
            <param index="1">
              <value>
                <![CDATA[pass12]]>
              </value>
            </param>
          </params>
          <reporter-output>
          </reporter-output>
        </test-method> <!-- m1 -->
        <test-method status="PASS" signature="m1(java.lang.String, java.lang.String)[pri:0, instance:com.sample.selenium.testng.DataProviderSample@6fb554cc]" name="m1" duration-ms="1" started-at="2018-12-25T17:24:48Z" data-provider="DP1" finished-at="2018-12-25T17:24:48Z">
          <params>
            <param index="0">
              <value>
                <![CDATA[user13]]>
              </value>
            </param>
            <param index="1">
              <value>
                <![CDATA[pass13]]>
              </value>
            </param>
          </params>
          <reporter-output>
          </reporter-output>
        </test-method> <!-- m1 -->
        <test-method status="PASS" signature="m1(java.lang.String, java.lang.String)[pri:0, instance:com.sample.selenium.testng.DataProviderSample@6fb554cc]" name="m1" duration-ms="1" started-at="2018-12-25T17:24:48Z" data-provider="DP1" finished-at="2018-12-25T17:24:48Z">
          <params>
            <param index="0">
              <value>
                <![CDATA[user14]]>
              </value>
            </param>
            <param index="1">
              <value>
                <![CDATA[pass14]]>
              </value>
            </param>
          </params>
          <reporter-output>
          </reporter-output>
        </test-method> <!-- m1 -->
        <test-method status="PASS" signature="m1(java.lang.String, java.lang.String)[pri:0, instance:com.sample.selenium.testng.DataProviderSample@6fb554cc]" name="m1" duration-ms="1" started-at="2018-12-25T17:24:48Z" data-provider="DP1" finished-at="2018-12-25T17:24:48Z">
          <params>
            <param index="0">
              <value>
                <![CDATA[user15]]>
              </value>
            </param>
            <param index="1">
              <value>
                <![CDATA[pass15]]>
              </value>
            </param>
          </params>
          <reporter-output>
          </reporter-output>
        </test-method> <!-- m1 -->
        <test-method status="PASS" signature="m1(java.lang.String, java.lang.String)[pri:0, instance:com.sample.selenium.testng.DataProviderSample@6fb554cc]" name="m1" duration-ms="2" started-at="2018-12-25T17:24:48Z" data-provider="DP1" finished-at="2018-12-25T17:24:48Z">
          <params>
            <param index="0">
              <value>
                <![CDATA[user16]]>
              </value>
            </param>
            <param index="1">
              <value>
                <![CDATA[pass16]]>
              </value>
            </param>
          </params>
          <reporter-output>
          </reporter-output>
        </test-method> <!-- m1 -->
        <test-method status="PASS" signature="m1(java.lang.String, java.lang.String)[pri:0, instance:com.sample.selenium.testng.DataProviderSample@6fb554cc]" name="m1" duration-ms="4" started-at="2018-12-25T17:24:48Z" data-provider="DP1" finished-at="2018-12-25T17:24:48Z">
          <params>
            <param index="0">
              <value>
                <![CDATA[user17]]>
              </value>
            </param>
            <param index="1">
              <value>
                <![CDATA[pass17]]>
              </value>
            </param>
          </params>
          <reporter-output>
          </reporter-output>
        </test-method> <!-- m1 -->
        <test-method status="PASS" signature="m1(java.lang.String, java.lang.String)[pri:0, instance:com.sample.selenium.testng.DataProviderSample@6fb554cc]" name="m1" duration-ms="1" started-at="2018-12-25T17:24:48Z" data-provider="DP1" finished-at="2018-12-25T17:24:48Z">
          <params>
            <param index="0">
              <value>
                <![CDATA[user18]]>
              </value>
            </param>
            <param index="1">
              <value>
                <![CDATA[pass18]]>
              </value>
            </param>
          </params>
          <reporter-output>
          </reporter-output>
        </test-method> <!-- m1 -->
      </class> <!-- com.sample.selenium.testng.DataProviderSample -->
    </test> <!-- testpackages -->
    <test name="testing1" duration-ms="41094" started-at="2018-12-25T11:55:11Z" finished-at="2018-12-25T11:55:52Z">
      <class name="com.sample.selenium.testng.SampleClass">
        <test-method status="FAIL" signature="b_m1()[pri:0, instance:com.sample.selenium.testng.SampleClass@5a61f5df]" name="b_m1" duration-ms="8967" started-at="2018-12-25T17:25:17Z" description="to validate username" finished-at="2018-12-25T17:25:26Z">
          <exception class="java.lang.AssertionError">
            <message>
              <![CDATA[expected [Please enter admin Username] but found [Please enter admin Username.]]]>
            </message>
            <full-stacktrace>
              <![CDATA[java.lang.AssertionError: expected [Please enter admin Username] but found [Please enter admin Username.]
	at org.testng.Assert.fail(Assert.java:89)
	at org.testng.Assert.failNotEquals(Assert.java:489)
	at org.testng.Assert.assertEquals(Assert.java:118)
	at org.testng.Assert.assertEquals(Assert.java:171)
	at org.testng.Assert.assertEquals(Assert.java:181)
	at com.sample.selenium.testng.SampleClass.b_m1(SampleClass.java:30)
	at sun.reflect.NativeMethodAccessorImpl.invoke0(Native Method)
	at sun.reflect.NativeMethodAccessorImpl.invoke(NativeMethodAccessorImpl.java:62)
	at sun.reflect.DelegatingMethodAccessorImpl.invoke(DelegatingMethodAccessorImpl.java:43)
	at java.lang.reflect.Method.invoke(Method.java:497)
	at org.testng.internal.MethodInvocationHelper.invokeMethod(MethodInvocationHelper.java:80)
	at org.testng.internal.Invoker.invokeMethod(Invoker.java:715)
	at org.testng.internal.Invoker.invokeTestMethod(Invoker.java:907)
	at org.testng.internal.Invoker.invokeTestMethods(Invoker.java:1237)
	at org.testng.internal.TestMethodWorker.invokeTestMethods(TestMethodWorker.java:127)
	at org.testng.internal.TestMethodWorker.run(TestMethodWorker.java:111)
	at org.testng.TestRunner.privateRun(TestRunner.java:767)
	at org.testng.TestRunner.run(TestRunner.java:617)
	at org.testng.SuiteRunner.runTest(SuiteRunner.java:334)
	at org.testng.SuiteRunner.runSequentially(SuiteRunner.java:329)
	at org.testng.SuiteRunner.privateRun(SuiteRunner.java:291)
	at org.testng.SuiteRunner.run(SuiteRunner.java:240)
	at org.testng.SuiteRunnerWorker.runSuite(SuiteRunnerWorker.java:51)
	at org.testng.SuiteRunnerWorker.run(SuiteRunnerWorker.java:85)
	at org.testng.TestNG.runSuitesSequentially(TestNG.java:1197)
	at org.testng.TestNG.runSuitesLocally(TestNG.java:1122)
	at org.testng.TestNG.run(TestNG.java:1030)
	at org.apache.maven.surefire.testng.TestNGExecutor.run(TestNGExecutor.java:283)
	at org.apache.maven.surefire.testng.TestNGXmlTestSuite.execute(TestNGXmlTestSuite.java:75)
	at org.apache.maven.surefire.testng.TestNGProvider.invoke(TestNGProvider.java:120)
	at org.apache.maven.surefire.booter.ForkedBooter.invokeProviderInSameClassLoader(ForkedBooter.java:379)
	at org.apache.maven.surefire.booter.ForkedBooter.runSuitesInProcess(ForkedBooter.java:340)
	at org.apache.maven.surefire.booter.ForkedBooter.execute(ForkedBooter.java:125)
	at org.apache.maven.surefire.booter.ForkedBooter.main(ForkedBooter.java:413)
]]>
            </full-stacktrace>
          </exception> <!-- java.lang.AssertionError -->
          <reporter-output>
          </reporter-output>
        </test-method> <!-- b_m1 -->
        <test-method status="PASS" signature="e_m4()[pri:0, instance:com.sample.selenium.testng.SampleClass@5a61f5df]" name="e_m4" duration-ms="0" started-at="2018-12-25T17:25:26Z" finished-at="2018-12-25T17:25:26Z">
          <reporter-output>
          </reporter-output>
        </test-method> <!-- e_m4 -->
        <test-method status="PASS" signature="a_m3()[pri:0, instance:com.sample.selenium.testng.SampleClass@5a61f5df]" name="a_m3" duration-ms="0" started-at="2018-12-25T17:25:26Z" finished-at="2018-12-25T17:25:26Z">
          <reporter-output>
          </reporter-output>
        </test-method> <!-- a_m3 -->
        <test-method status="SKIP" signature="c_m2()[pri:0, instance:com.sample.selenium.testng.SampleClass@5a61f5df]" name="c_m2" duration-ms="0" started-at="2018-12-25T17:25:26Z" depends-on-methods="com.sample.selenium.testng.SampleClass.b_m1" finished-at="2018-12-25T17:25:26Z">
          <reporter-output>
          </reporter-output>
        </test-method> <!-- c_m2 -->
        <test-method status="PASS" signature="d_m5()[pri:0, instance:com.sample.selenium.testng.SampleClass@5a61f5df]" name="d_m5" duration-ms="0" started-at="2018-12-25T17:25:26Z" finished-at="2018-12-25T17:25:26Z">
          <reporter-output>
          </reporter-output>
        </test-method> <!-- d_m5 -->
      </class> <!-- com.sample.selenium.testng.SampleClass -->
      <class name="com.sample.selenium.testng.SampleClass3">
        <test-method status="FAIL" signature="b_m1()[pri:0, instance:com.sample.selenium.testng.SampleClass3@3551a94]" name="b_m1" duration-ms="25216" started-at="2018-12-25T17:25:26Z" description="to validate username" finished-at="2018-12-25T17:25:51Z">
          <exception class="org.openqa.selenium.WebDriverException">
            <message>
              <![CDATA[chrome not reachable
  (Session info: chrome=71.0.3578.98)
  (Driver info: chromedriver=2.41.578737 (49da6702b16031c40d63e5618de03a32ff6c197e),platform=Windows NT 6.3.9600 x86_64) (WARNING: The server did not provide any stacktrace information)
Command duration or timeout: 0 milliseconds
Build info: version: '3.141.59', revision: 'e82be7d358', time: '2018-11-14T08:17:03'
System info: host: 'KARTHICK', ip: '192.168.99.1', os.name: 'Windows 8.1', os.arch: 'amd64', os.version: '6.3', java.version: '1.8.0_73'
Driver info: org.openqa.selenium.chrome.ChromeDriver
Capabilities {acceptInsecureCerts: false, acceptSslCerts: false, applicationCacheEnabled: false, browserConnectionEnabled: false, browserName: chrome, chrome: {chromedriverVersion: 2.41.578737 (49da6702b16031..., userDataDir: C:\Users\KARTHI~1\AppData\L...}, cssSelectorsEnabled: true, databaseEnabled: false, goog:chromeOptions: {debuggerAddress: localhost:64876}, handlesAlerts: true, hasTouchScreen: false, javascriptEnabled: true, locationContextEnabled: true, mobileEmulationEnabled: false, nativeEvents: true, networkConnectionEnabled: false, pageLoadStrategy: normal, platform: XP, platformName: XP, rotatable: false, setWindowRect: true, takesHeapSnapshot: true, takesScreenshot: true, unexpectedAlertBehaviour: , unhandledPromptBehavior: , version: 71.0.3578.98, webStorageEnabled: true}
Session ID: e998e985876d4692d6e16b505e4552ea
*** Element info: {Using=id, value=submit}]]>
            </message>
            <full-stacktrace>
              <![CDATA[org.openqa.selenium.WebDriverException: chrome not reachable
  (Session info: chrome=71.0.3578.98)
  (Driver info: chromedriver=2.41.578737 (49da6702b16031c40d63e5618de03a32ff6c197e),platform=Windows NT 6.3.9600 x86_64) (WARNING: The server did not provide any stacktrace information)
Command duration or timeout: 0 milliseconds
Build info: version: '3.141.59', revision: 'e82be7d358', time: '2018-11-14T08:17:03'
System info: host: 'KARTHICK', ip: '192.168.99.1', os.name: 'Windows 8.1', os.arch: 'amd64', os.version: '6.3', java.version: '1.8.0_73'
Driver info: org.openqa.selenium.chrome.ChromeDriver
Capabilities {acceptInsecureCerts: false, acceptSslCerts: false, applicationCacheEnabled: false, browserConnectionEnabled: false, browserName: chrome, chrome: {chromedriverVersion: 2.41.578737 (49da6702b16031..., userDataDir: C:\Users\KARTHI~1\AppData\L...}, cssSelectorsEnabled: true, databaseEnabled: false, goog:chromeOptions: {debuggerAddress: localhost:64876}, handlesAlerts: true, hasTouchScreen: false, javascriptEnabled: true, locationContextEnabled: true, mobileEmulationEnabled: false, nativeEvents: true, networkConnectionEnabled: false, pageLoadStrategy: normal, platform: XP, platformName: XP, rotatable: false, setWindowRect: true, takesHeapSnapshot: true, takesScreenshot: true, unexpectedAlertBehaviour: , unhandledPromptBehavior: , version: 71.0.3578.98, webStorageEnabled: true}
Session ID: e998e985876d4692d6e16b505e4552ea
*** Element info: {Using=id, value=submit}
	at sun.reflect.NativeConstructorAccessorImpl.newInstance0(Native Method)
	at sun.reflect.NativeConstructorAccessorImpl.newInstance(NativeConstructorAccessorImpl.java:62)
	at sun.reflect.DelegatingConstructorAccessorImpl.newInstance(DelegatingConstructorAccessorImpl.java:45)
	at java.lang.reflect.Constructor.newInstance(Constructor.java:422)
	at org.openqa.selenium.remote.ErrorHandler.createThrowable(ErrorHandler.java:214)
	at org.openqa.selenium.remote.ErrorHandler.throwIfResponseFailed(ErrorHandler.java:166)
	at org.openqa.selenium.remote.http.JsonHttpResponseCodec.reconstructValue(JsonHttpResponseCodec.java:40)
	at org.openqa.selenium.remote.http.AbstractHttpResponseCodec.decode(AbstractHttpResponseCodec.java:80)
	at org.openqa.selenium.remote.http.AbstractHttpResponseCodec.decode(AbstractHttpResponseCodec.java:44)
	at org.openqa.selenium.remote.HttpCommandExecutor.execute(HttpCommandExecutor.java:158)
	at org.openqa.selenium.remote.service.DriverCommandExecutor.execute(DriverCommandExecutor.java:83)
	at org.openqa.selenium.remote.RemoteWebDriver.execute(RemoteWebDriver.java:552)
	at org.openqa.selenium.remote.RemoteWebDriver.findElement(RemoteWebDriver.java:323)
	at org.openqa.selenium.remote.RemoteWebDriver.findElementById(RemoteWebDriver.java:372)
	at org.openqa.selenium.By$ById.findElement(By.java:188)
	at org.openqa.selenium.remote.RemoteWebDriver.findElement(RemoteWebDriver.java:315)
	at com.sample.selenium.testng.SampleClass3.b_m1(SampleClass3.java:24)
	at sun.reflect.NativeMethodAccessorImpl.invoke0(Native Method)
	at sun.reflect.NativeMethodAccessorImpl.invoke(NativeMethodAccessorImpl.java:62)
	at sun.reflect.DelegatingMethodAccessorImpl.invoke(DelegatingMethodAccessorImpl.java:43)
	at java.lang.reflect.Method.invoke(Method.java:497)
	at org.testng.internal.MethodInvocationHelper.invokeMethod(MethodInvocationHelper.java:80)
	at org.testng.internal.Invoker.invokeMethod(Invoker.java:715)
	at org.testng.internal.Invoker.invokeTestMethod(Invoker.java:907)
	at org.testng.internal.Invoker.invokeTestMethods(Invoker.java:1237)
	at org.testng.internal.TestMethodWorker.invokeTestMethods(TestMethodWorker.java:127)
	at org.testng.internal.TestMethodWorker.run(TestMethodWorker.java:111)
	at org.testng.TestRunner.privateRun(TestRunner.java:767)
	at org.testng.TestRunner.run(TestRunner.java:617)
	at org.testng.SuiteRunner.runTest(SuiteRunner.java:334)
	at org.testng.SuiteRunner.runSequentially(SuiteRunner.java:329)
	at org.testng.SuiteRunner.privateRun(SuiteRunner.java:291)
	at org.testng.SuiteRunner.run(SuiteRunner.java:240)
	at org.testng.SuiteRunnerWorker.runSuite(SuiteRunnerWorker.java:51)
	at org.testng.SuiteRunnerWorker.run(SuiteRunnerWorker.java:85)
	at org.testng.TestNG.runSuitesSequentially(TestNG.java:1197)
	at org.testng.TestNG.runSuitesLocally(TestNG.java:1122)
	at org.testng.TestNG.run(TestNG.java:1030)
	at org.apache.maven.surefire.testng.TestNGExecutor.run(TestNGExecutor.java:283)
	at org.apache.maven.surefire.testng.TestNGXmlTestSuite.execute(TestNGXmlTestSuite.java:75)
	at org.apache.maven.surefire.testng.TestNGProvider.invoke(TestNGProvider.java:120)
	at org.apache.maven.surefire.booter.ForkedBooter.invokeProviderInSameClassLoader(ForkedBooter.java:379)
	at org.apache.maven.surefire.booter.ForkedBooter.runSuitesInProcess(ForkedBooter.java:340)
	at org.apache.maven.surefire.booter.ForkedBooter.execute(ForkedBooter.java:125)
	at org.apache.maven.surefire.booter.ForkedBooter.main(ForkedBooter.java:413)
]]>
            </full-stacktrace>
          </exception> <!-- org.openqa.selenium.WebDriverException -->
          <reporter-output>
          </reporter-output>
        </test-method> <!-- b_m1 -->
        <test-method status="PASS" signature="e_m4()[pri:0, instance:com.sample.selenium.testng.SampleClass3@3551a94]" name="e_m4" duration-ms="1" started-at="2018-12-25T17:25:51Z" finished-at="2018-12-25T17:25:51Z">
          <reporter-output>
          </reporter-output>
        </test-method> <!-- e_m4 -->
        <test-method status="PASS" signature="a_m3()[pri:0, instance:com.sample.selenium.testng.SampleClass3@3551a94]" name="a_m3" duration-ms="0" started-at="2018-12-25T17:25:51Z" finished-at="2018-12-25T17:25:51Z">
          <reporter-output>
          </reporter-output>
        </test-method> <!-- a_m3 -->
        <test-method status="PASS" signature="d_m5()[pri:0, instance:com.sample.selenium.testng.SampleClass3@3551a94]" name="d_m5" duration-ms="0" started-at="2018-12-25T17:25:51Z" finished-at="2018-12-25T17:25:51Z">
          <reporter-output>
          </reporter-output>
        </test-method> <!-- d_m5 -->
        <test-method status="SKIP" signature="c_m2()[pri:0, instance:com.sample.selenium.testng.SampleClass3@3551a94]" name="c_m2" duration-ms="0" started-at="2018-12-25T17:25:51Z" depends-on-methods="com.sample.selenium.testng.SampleClass3.b_m1" finished-at="2018-12-25T17:25:51Z">
          <reporter-output>
          </reporter-output>
        </test-method> <!-- c_m2 -->
      </class> <!-- com.sample.selenium.testng.SampleClass3 -->
      <class name="com.sample.selenium.testng.SampleClass2">
        <test-method status="PASS" signature="setup()[pri:0, instance:com.sample.selenium.testng.SampleClass2@36f6e879]" name="setup" is-config="true" duration-ms="6366" started-at="2018-12-25T17:25:11Z" finished-at="2018-12-25T17:25:17Z">
          <reporter-output>
          </reporter-output>
        </test-method> <!-- setup -->
        <test-method status="PASS" signature="setup()[pri:0, instance:com.sample.selenium.testng.SampleClass@5a61f5df]" name="setup" is-config="true" duration-ms="1" started-at="2018-12-25T17:25:17Z" finished-at="2018-12-25T17:25:17Z">
          <reporter-output>
          </reporter-output>
        </test-method> <!-- setup -->
        <test-method status="PASS" signature="setup()[pri:0, instance:com.sample.selenium.testng.SampleClass3@3551a94]" name="setup" is-config="true" duration-ms="1" started-at="2018-12-25T17:25:17Z" finished-at="2018-12-25T17:25:17Z">
          <reporter-output>
          </reporter-output>
        </test-method> <!-- setup -->
        <test-method status="FAIL" signature="b_m1()[pri:0, instance:com.sample.selenium.testng.SampleClass2@36f6e879]" name="b_m1" duration-ms="0" started-at="2018-12-25T17:25:26Z" description="to validate username" finished-at="2018-12-25T17:25:26Z">
          <exception class="java.lang.NullPointerException">
            <full-stacktrace>
              <![CDATA[java.lang.NullPointerException
	at com.sample.selenium.testng.SampleClass2.b_m1(SampleClass2.java:20)
	at sun.reflect.NativeMethodAccessorImpl.invoke0(Native Method)
	at sun.reflect.NativeMethodAccessorImpl.invoke(NativeMethodAccessorImpl.java:62)
	at sun.reflect.DelegatingMethodAccessorImpl.invoke(DelegatingMethodAccessorImpl.java:43)
	at java.lang.reflect.Method.invoke(Method.java:497)
	at org.testng.internal.MethodInvocationHelper.invokeMethod(MethodInvocationHelper.java:80)
	at org.testng.internal.Invoker.invokeMethod(Invoker.java:715)
	at org.testng.internal.Invoker.invokeTestMethod(Invoker.java:907)
	at org.testng.internal.Invoker.invokeTestMethods(Invoker.java:1237)
	at org.testng.internal.TestMethodWorker.invokeTestMethods(TestMethodWorker.java:127)
	at org.testng.internal.TestMethodWorker.run(TestMethodWorker.java:111)
	at org.testng.TestRunner.privateRun(TestRunner.java:767)
	at org.testng.TestRunner.run(TestRunner.java:617)
	at org.testng.SuiteRunner.runTest(SuiteRunner.java:334)
	at org.testng.SuiteRunner.runSequentially(SuiteRunner.java:329)
	at org.testng.SuiteRunner.privateRun(SuiteRunner.java:291)
	at org.testng.SuiteRunner.run(SuiteRunner.java:240)
	at org.testng.SuiteRunnerWorker.runSuite(SuiteRunnerWorker.java:51)
	at org.testng.SuiteRunnerWorker.run(SuiteRunnerWorker.java:85)
	at org.testng.TestNG.runSuitesSequentially(TestNG.java:1197)
	at org.testng.TestNG.runSuitesLocally(TestNG.java:1122)
	at org.testng.TestNG.run(TestNG.java:1030)
	at org.apache.maven.surefire.testng.TestNGExecutor.run(TestNGExecutor.java:283)
	at org.apache.maven.surefire.testng.TestNGXmlTestSuite.execute(TestNGXmlTestSuite.java:75)
	at org.apache.maven.surefire.testng.TestNGProvider.invoke(TestNGProvider.java:120)
	at org.apache.maven.surefire.booter.ForkedBooter.invokeProviderInSameClassLoader(ForkedBooter.java:379)
	at org.apache.maven.surefire.booter.ForkedBooter.runSuitesInProcess(ForkedBooter.java:340)
	at org.apache.maven.surefire.booter.ForkedBooter.execute(ForkedBooter.java:125)
	at org.apache.maven.surefire.booter.ForkedBooter.main(ForkedBooter.java:413)
]]>
            </full-stacktrace>
          </exception> <!-- java.lang.NullPointerException -->
          <reporter-output>
          </reporter-output>
        </test-method> <!-- b_m1 -->
        <test-method status="PASS" signature="a_m3()[pri:0, instance:com.sample.selenium.testng.SampleClass2@36f6e879]" name="a_m3" duration-ms="0" started-at="2018-12-25T17:25:26Z" finished-at="2018-12-25T17:25:26Z">
          <reporter-output>
          </reporter-output>
        </test-method> <!-- a_m3 -->
        <test-method status="PASS" signature="e_m4()[pri:0, instance:com.sample.selenium.testng.SampleClass2@36f6e879]" name="e_m4" duration-ms="0" started-at="2018-12-25T17:25:26Z" finished-at="2018-12-25T17:25:26Z">
          <reporter-output>
          </reporter-output>
        </test-method> <!-- e_m4 -->
        <test-method status="PASS" signature="d_m5()[pri:0, instance:com.sample.selenium.testng.SampleClass2@36f6e879]" name="d_m5" duration-ms="1" started-at="2018-12-25T17:25:26Z" finished-at="2018-12-25T17:25:26Z">
          <reporter-output>
          </reporter-output>
        </test-method> <!-- d_m5 -->
        <test-method status="SKIP" signature="c_m2()[pri:0, instance:com.sample.selenium.testng.SampleClass2@36f6e879]" name="c_m2" duration-ms="0" started-at="2018-12-25T17:25:26Z" depends-on-methods="com.sample.selenium.testng.SampleClass2.b_m1" finished-at="2018-12-25T17:25:26Z">
          <reporter-output>
          </reporter-output>
        </test-method> <!-- c_m2 -->
        <test-method status="PASS" signature="m7()[pri:0, instance:com.sample.selenium.testng.SampleClass2@36f6e879]" name="m7" is-config="true" duration-ms="0" started-at="2018-12-25T17:25:51Z" finished-at="2018-12-25T17:25:51Z">
          <reporter-output>
          </reporter-output>
        </test-method> <!-- m7 -->
        <test-method status="PASS" signature="m7()[pri:0, instance:com.sample.selenium.testng.SampleClass@5a61f5df]" name="m7" is-config="true" duration-ms="534" started-at="2018-12-25T17:25:51Z" finished-at="2018-12-25T17:25:52Z">
          <reporter-output>
          </reporter-output>
        </test-method> <!-- m7 -->
        <test-method status="PASS" signature="m7()[pri:0, instance:com.sample.selenium.testng.SampleClass3@3551a94]" name="m7" is-config="true" duration-ms="0" started-at="2018-12-25T17:25:52Z" finished-at="2018-12-25T17:25:52Z">
          <reporter-output>
          </reporter-output>
        </test-method> <!-- m7 -->
      </class> <!-- com.sample.selenium.testng.SampleClass2 -->
    </test> <!-- testing1 -->
    <test name="testing2" duration-ms="5370" started-at="2018-12-25T11:55:52Z" finished-at="2018-12-25T11:55:57Z">
      <class name="com.sample.selenium.testng.SampleClass">
        <test-method status="PASS" signature="setup()[pri:0, instance:com.sample.selenium.testng.SampleClass@61dc03ce]" name="setup" is-config="true" duration-ms="0" started-at="2018-12-25T17:25:52Z" finished-at="2018-12-25T17:25:52Z">
          <reporter-output>
          </reporter-output>
        </test-method> <!-- setup -->
        <test-method status="FAIL" signature="b_m1()[pri:0, instance:com.sample.selenium.testng.SampleClass@61dc03ce]" name="b_m1" duration-ms="4742" started-at="2018-12-25T17:25:52Z" description="to validate username" finished-at="2018-12-25T17:25:56Z">
          <exception class="java.lang.AssertionError">
            <message>
              <![CDATA[expected [Please enter admin Username] but found [Please enter admin Username.]]]>
            </message>
            <full-stacktrace>
              <![CDATA[java.lang.AssertionError: expected [Please enter admin Username] but found [Please enter admin Username.]
	at org.testng.Assert.fail(Assert.java:89)
	at org.testng.Assert.failNotEquals(Assert.java:489)
	at org.testng.Assert.assertEquals(Assert.java:118)
	at org.testng.Assert.assertEquals(Assert.java:171)
	at org.testng.Assert.assertEquals(Assert.java:181)
	at com.sample.selenium.testng.SampleClass.b_m1(SampleClass.java:30)
	at sun.reflect.NativeMethodAccessorImpl.invoke0(Native Method)
	at sun.reflect.NativeMethodAccessorImpl.invoke(NativeMethodAccessorImpl.java:62)
	at sun.reflect.DelegatingMethodAccessorImpl.invoke(DelegatingMethodAccessorImpl.java:43)
	at java.lang.reflect.Method.invoke(Method.java:497)
	at org.testng.internal.MethodInvocationHelper.invokeMethod(MethodInvocationHelper.java:80)
	at org.testng.internal.Invoker.invokeMethod(Invoker.java:715)
	at org.testng.internal.Invoker.invokeTestMethod(Invoker.java:907)
	at org.testng.internal.Invoker.invokeTestMethods(Invoker.java:1237)
	at org.testng.internal.TestMethodWorker.invokeTestMethods(TestMethodWorker.java:127)
	at org.testng.internal.TestMethodWorker.run(TestMethodWorker.java:111)
	at org.testng.TestRunner.privateRun(TestRunner.java:767)
	at org.testng.TestRunner.run(TestRunner.java:617)
	at org.testng.SuiteRunner.runTest(SuiteRunner.java:334)
	at org.testng.SuiteRunner.runSequentially(SuiteRunner.java:329)
	at org.testng.SuiteRunner.privateRun(SuiteRunner.java:291)
	at org.testng.SuiteRunner.run(SuiteRunner.java:240)
	at org.testng.SuiteRunnerWorker.runSuite(SuiteRunnerWorker.java:51)
	at org.testng.SuiteRunnerWorker.run(SuiteRunnerWorker.java:85)
	at org.testng.TestNG.runSuitesSequentially(TestNG.java:1197)
	at org.testng.TestNG.runSuitesLocally(TestNG.java:1122)
	at org.testng.TestNG.run(TestNG.java:1030)
	at org.apache.maven.surefire.testng.TestNGExecutor.run(TestNGExecutor.java:283)
	at org.apache.maven.surefire.testng.TestNGXmlTestSuite.execute(TestNGXmlTestSuite.java:75)
	at org.apache.maven.surefire.testng.TestNGProvider.invoke(TestNGProvider.java:120)
	at org.apache.maven.surefire.booter.ForkedBooter.invokeProviderInSameClassLoader(ForkedBooter.java:379)
	at org.apache.maven.surefire.booter.ForkedBooter.runSuitesInProcess(ForkedBooter.java:340)
	at org.apache.maven.surefire.booter.ForkedBooter.execute(ForkedBooter.java:125)
	at org.apache.maven.surefire.booter.ForkedBooter.main(ForkedBooter.java:413)
]]>
            </full-stacktrace>
          </exception> <!-- java.lang.AssertionError -->
          <reporter-output>
          </reporter-output>
        </test-method> <!-- b_m1 -->
        <test-method status="PASS" signature="a_m3()[pri:0, instance:com.sample.selenium.testng.SampleClass@61dc03ce]" name="a_m3" duration-ms="0" started-at="2018-12-25T17:25:56Z" finished-at="2018-12-25T17:25:56Z">
          <reporter-output>
          </reporter-output>
        </test-method> <!-- a_m3 -->
        <test-method status="PASS" signature="e_m4()[pri:0, instance:com.sample.selenium.testng.SampleClass@61dc03ce]" name="e_m4" duration-ms="0" started-at="2018-12-25T17:25:56Z" finished-at="2018-12-25T17:25:56Z">
          <reporter-output>
          </reporter-output>
        </test-method> <!-- e_m4 -->
        <test-method status="PASS" signature="m7()[pri:0, instance:com.sample.selenium.testng.SampleClass@61dc03ce]" name="m7" is-config="true" duration-ms="626" started-at="2018-12-25T17:25:56Z" finished-at="2018-12-25T17:25:57Z">
          <reporter-output>
          </reporter-output>
        </test-method> <!-- m7 -->
        <test-method status="SKIP" signature="c_m2()[pri:0, instance:com.sample.selenium.testng.SampleClass@61dc03ce]" name="c_m2" duration-ms="0" started-at="2018-12-25T17:25:56Z" depends-on-methods="com.sample.selenium.testng.SampleClass.b_m1" finished-at="2018-12-25T17:25:56Z">
          <reporter-output>
          </reporter-output>
        </test-method> <!-- c_m2 -->
      </class> <!-- com.sample.selenium.testng.SampleClass -->
    </test> <!-- testing2 -->
    <test name="run_groups" duration-ms="2" started-at="2018-12-25T11:55:57Z" finished-at="2018-12-25T11:55:57Z">
      <class name="com.sample.selenium.testng.SampleClass">
        <test-method status="PASS" signature="a_m3()[pri:0, instance:com.sample.selenium.testng.SampleClass@7f560810]" name="a_m3" duration-ms="0" started-at="2018-12-25T17:25:57Z" finished-at="2018-12-25T17:25:57Z">
          <reporter-output>
          </reporter-output>
        </test-method> <!-- a_m3 -->
        <test-method status="PASS" signature="e_m4()[pri:0, instance:com.sample.selenium.testng.SampleClass@7f560810]" name="e_m4" duration-ms="0" started-at="2018-12-25T17:25:57Z" finished-at="2018-12-25T17:25:57Z">
          <reporter-output>
          </reporter-output>
        </test-method> <!-- e_m4 -->
        <test-method status="PASS" signature="d_m5()[pri:0, instance:com.sample.selenium.testng.SampleClass@7f560810]" name="d_m5" duration-ms="0" started-at="2018-12-25T17:25:57Z" finished-at="2018-12-25T17:25:57Z">
          <reporter-output>
          </reporter-output>
        </test-method> <!-- d_m5 -->
      </class> <!-- com.sample.selenium.testng.SampleClass -->
    </test> <!-- run_groups -->
  </suite> <!-- suite1 -->
</testng-results>
