<?xml version="1.0" encoding="UTF-8"?>
<testsuite xmlns:xsi="http://www.w3.org/2001/XMLSchema-instance" xsi:noNamespaceSchemaLocation="https://maven.apache.org/surefire/maven-surefire-plugin/xsd/surefire-test-report.xsd" name="TestSuite" time="79.517" tests="56" errors="0" skipped="7" failures="7">
  <properties>
    <property name="sun.desktop" value="windows"/>
    <property name="awt.toolkit" value="sun.awt.windows.WToolkit"/>
    <property name="file.encoding.pkg" value="sun.io"/>
    <property name="java.specification.version" value="1.8"/>
    <property name="sun.cpu.isalist" value="amd64"/>
    <property name="sun.jnu.encoding" value="Cp1252"/>
    <property name="java.class.path" value="E:\SeleniumAutomation\feb_batch\SampleSuchitaSwathiMavenProject\target\test-classes;E:\SeleniumAutomation\feb_batch\SampleSuchitaSwathiMavenProject\target\classes;C:\Users\Karthick Kumar\.m2\repository\org\seleniumhq\selenium\selenium-java\3.141.59\selenium-java-3.141.59.jar;C:\Users\Karthick Kumar\.m2\repository\org\seleniumhq\selenium\selenium-api\3.141.59\selenium-api-3.141.59.jar;C:\Users\Karthick Kumar\.m2\repository\org\seleniumhq\selenium\selenium-chrome-driver\3.141.59\selenium-chrome-driver-3.141.59.jar;C:\Users\Karthick Kumar\.m2\repository\org\seleniumhq\selenium\selenium-edge-driver\3.141.59\selenium-edge-driver-3.141.59.jar;C:\Users\Karthick Kumar\.m2\repository\org\seleniumhq\selenium\selenium-firefox-driver\3.141.59\selenium-firefox-driver-3.141.59.jar;C:\Users\Karthick Kumar\.m2\repository\org\seleniumhq\selenium\selenium-ie-driver\3.141.59\selenium-ie-driver-3.141.59.jar;C:\Users\Karthick Kumar\.m2\repository\org\seleniumhq\selenium\selenium-opera-driver\3.141.59\selenium-opera-driver-3.141.59.jar;C:\Users\Karthick Kumar\.m2\repository\org\seleniumhq\selenium\selenium-remote-driver\3.141.59\selenium-remote-driver-3.141.59.jar;C:\Users\Karthick Kumar\.m2\repository\org\seleniumhq\selenium\selenium-safari-driver\3.141.59\selenium-safari-driver-3.141.59.jar;C:\Users\Karthick Kumar\.m2\repository\org\seleniumhq\selenium\selenium-support\3.141.59\selenium-support-3.141.59.jar;C:\Users\Karthick Kumar\.m2\repository\net\bytebuddy\byte-buddy\1.8.15\byte-buddy-1.8.15.jar;C:\Users\Karthick Kumar\.m2\repository\org\apache\commons\commons-exec\1.3\commons-exec-1.3.jar;C:\Users\Karthick Kumar\.m2\repository\com\google\guava\guava\25.0-jre\guava-25.0-jre.jar;C:\Users\Karthick Kumar\.m2\repository\com\google\code\findbugs\jsr305\1.3.9\jsr305-1.3.9.jar;C:\Users\Karthick Kumar\.m2\repository\org\checkerframework\checker-compat-qual\2.0.0\checker-compat-qual-2.0.0.jar;C:\Users\Karthick Kumar\.m2\repository\com\google\errorprone\error_prone_annotations\2.1.3\error_prone_annotations-2.1.3.jar;C:\Users\Karthick Kumar\.m2\repository\com\google\j2objc\j2objc-annotations\1.1\j2objc-annotations-1.1.jar;C:\Users\Karthick Kumar\.m2\repository\org\codehaus\mojo\animal-sniffer-annotations\1.14\animal-sniffer-annotations-1.14.jar;C:\Users\Karthick Kumar\.m2\repository\com\squareup\okhttp3\okhttp\3.11.0\okhttp-3.11.0.jar;C:\Users\Karthick Kumar\.m2\repository\com\squareup\okio\okio\1.14.0\okio-1.14.0.jar;C:\Users\Karthick Kumar\.m2\repository\org\apache\directory\studio\org.apache.commons.io\2.4\org.apache.commons.io-2.4.jar;C:\Users\Karthick Kumar\.m2\repository\commons-io\commons-io\2.4\commons-io-2.4.jar;C:\Users\Karthick Kumar\.m2\repository\org\testng\testng\6.7\testng-6.7.jar;C:\Users\Karthick Kumar\.m2\repository\junit\junit\4.10\junit-4.10.jar;C:\Users\Karthick Kumar\.m2\repository\org\hamcrest\hamcrest-core\1.1\hamcrest-core-1.1.jar;C:\Users\Karthick Kumar\.m2\repository\org\beanshell\bsh\2.0b4\bsh-2.0b4.jar;C:\Users\Karthick Kumar\.m2\repository\com\beust\jcommander\1.12\jcommander-1.12.jar;C:\Users\Karthick Kumar\.m2\repository\org\yaml\snakeyaml\1.6\snakeyaml-1.6.jar;C:\Users\Karthick Kumar\.m2\repository\net\sourceforge\jexcelapi\jxl\2.6.12\jxl-2.6.12.jar;C:\Users\Karthick Kumar\.m2\repository\log4j\log4j\1.2.14\log4j-1.2.14.jar;C:\Users\Karthick Kumar\.m2\repository\org\apache\maven\surefire\surefire-testng-utils\2.21.0\surefire-testng-utils-2.21.0.jar;C:\Users\Karthick Kumar\.m2\repository\org\apache\maven\surefire\surefire-grouper\2.21.0\surefire-grouper-2.21.0.jar;"/>
    <property name="java.vm.vendor" value="Oracle Corporation"/>
    <property name="sun.arch.data.model" value="64"/>
    <property name="user.variant" value=""/>
    <property name="java.vendor.url" value="http://java.oracle.com/"/>
    <property name="user.timezone" value=""/>
    <property name="java.vm.specification.version" value="1.8"/>
    <property name="os.name" value="Windows 8.1"/>
    <property name="user.country" value="US"/>
    <property name="sun.java.launcher" value="SUN_STANDARD"/>
    <property name="sun.boot.library.path" value="C:\Program Files\Java\jdk1.8.0_73\jre\bin"/>
    <property name="sun.java.command" value="C:\Users\KARTHI~1\AppData\Local\Temp\surefire6115980112037399542\surefirebooter3348312929549749824.jar C:\Users\Karthick Kumar\AppData\Local\Temp\surefire6115980112037399542 2018-12-25T17-24-36_029-jvmRun1 surefire7219458864455184455tmp surefire_01480899532158761921tmp"/>
    <property name="surefire.test.class.path" value="E:\SeleniumAutomation\feb_batch\SampleSuchitaSwathiMavenProject\target\test-classes;E:\SeleniumAutomation\feb_batch\SampleSuchitaSwathiMavenProject\target\classes;C:\Users\Karthick Kumar\.m2\repository\org\seleniumhq\selenium\selenium-java\3.141.59\selenium-java-3.141.59.jar;C:\Users\Karthick Kumar\.m2\repository\org\seleniumhq\selenium\selenium-api\3.141.59\selenium-api-3.141.59.jar;C:\Users\Karthick Kumar\.m2\repository\org\seleniumhq\selenium\selenium-chrome-driver\3.141.59\selenium-chrome-driver-3.141.59.jar;C:\Users\Karthick Kumar\.m2\repository\org\seleniumhq\selenium\selenium-edge-driver\3.141.59\selenium-edge-driver-3.141.59.jar;C:\Users\Karthick Kumar\.m2\repository\org\seleniumhq\selenium\selenium-firefox-driver\3.141.59\selenium-firefox-driver-3.141.59.jar;C:\Users\Karthick Kumar\.m2\repository\org\seleniumhq\selenium\selenium-ie-driver\3.141.59\selenium-ie-driver-3.141.59.jar;C:\Users\Karthick Kumar\.m2\repository\org\seleniumhq\selenium\selenium-opera-driver\3.141.59\selenium-opera-driver-3.141.59.jar;C:\Users\Karthick Kumar\.m2\repository\org\seleniumhq\selenium\selenium-remote-driver\3.141.59\selenium-remote-driver-3.141.59.jar;C:\Users\Karthick Kumar\.m2\repository\org\seleniumhq\selenium\selenium-safari-driver\3.141.59\selenium-safari-driver-3.141.59.jar;C:\Users\Karthick Kumar\.m2\repository\org\seleniumhq\selenium\selenium-support\3.141.59\selenium-support-3.141.59.jar;C:\Users\Karthick Kumar\.m2\repository\net\bytebuddy\byte-buddy\1.8.15\byte-buddy-1.8.15.jar;C:\Users\Karthick Kumar\.m2\repository\org\apache\commons\commons-exec\1.3\commons-exec-1.3.jar;C:\Users\Karthick Kumar\.m2\repository\com\google\guava\guava\25.0-jre\guava-25.0-jre.jar;C:\Users\Karthick Kumar\.m2\repository\com\google\code\findbugs\jsr305\1.3.9\jsr305-1.3.9.jar;C:\Users\Karthick Kumar\.m2\repository\org\checkerframework\checker-compat-qual\2.0.0\checker-compat-qual-2.0.0.jar;C:\Users\Karthick Kumar\.m2\repository\com\google\errorprone\error_prone_annotations\2.1.3\error_prone_annotations-2.1.3.jar;C:\Users\Karthick Kumar\.m2\repository\com\google\j2objc\j2objc-annotations\1.1\j2objc-annotations-1.1.jar;C:\Users\Karthick Kumar\.m2\repository\org\codehaus\mojo\animal-sniffer-annotations\1.14\animal-sniffer-annotations-1.14.jar;C:\Users\Karthick Kumar\.m2\repository\com\squareup\okhttp3\okhttp\3.11.0\okhttp-3.11.0.jar;C:\Users\Karthick Kumar\.m2\repository\com\squareup\okio\okio\1.14.0\okio-1.14.0.jar;C:\Users\Karthick Kumar\.m2\repository\org\apache\directory\studio\org.apache.commons.io\2.4\org.apache.commons.io-2.4.jar;C:\Users\Karthick Kumar\.m2\repository\commons-io\commons-io\2.4\commons-io-2.4.jar;C:\Users\Karthick Kumar\.m2\repository\org\testng\testng\6.7\testng-6.7.jar;C:\Users\Karthick Kumar\.m2\repository\junit\junit\4.10\junit-4.10.jar;C:\Users\Karthick Kumar\.m2\repository\org\hamcrest\hamcrest-core\1.1\hamcrest-core-1.1.jar;C:\Users\Karthick Kumar\.m2\repository\org\beanshell\bsh\2.0b4\bsh-2.0b4.jar;C:\Users\Karthick Kumar\.m2\repository\com\beust\jcommander\1.12\jcommander-1.12.jar;C:\Users\Karthick Kumar\.m2\repository\org\yaml\snakeyaml\1.6\snakeyaml-1.6.jar;C:\Users\Karthick Kumar\.m2\repository\net\sourceforge\jexcelapi\jxl\2.6.12\jxl-2.6.12.jar;C:\Users\Karthick Kumar\.m2\repository\log4j\log4j\1.2.14\log4j-1.2.14.jar;C:\Users\Karthick Kumar\.m2\repository\org\apache\maven\surefire\surefire-testng-utils\2.21.0\surefire-testng-utils-2.21.0.jar;C:\Users\Karthick Kumar\.m2\repository\org\apache\maven\surefire\surefire-grouper\2.21.0\surefire-grouper-2.21.0.jar;"/>
    <property name="sun.cpu.endian" value="little"/>
    <property name="user.home" value="C:\Users\Karthick Kumar"/>
    <property name="user.language" value="en"/>
    <property name="java.specification.vendor" value="Oracle Corporation"/>
    <property name="java.home" value="C:\Program Files\Java\jdk1.8.0_73\jre"/>
    <property name="basedir" value="E:\SeleniumAutomation\feb_batch\SampleSuchitaSwathiMavenProject"/>
    <property name="file.separator" value="\"/>
    <property name="line.separator" value="&#10;"/>
    <property name="java.vm.specification.vendor" value="Oracle Corporation"/>
    <property name="java.specification.name" value="Java Platform API Specification"/>
    <property name="java.awt.graphicsenv" value="sun.awt.Win32GraphicsEnvironment"/>
    <property name="surefire.real.class.path" value="C:\Users\KARTHI~1\AppData\Local\Temp\surefire6115980112037399542\surefirebooter3348312929549749824.jar"/>
    <property name="sun.boot.class.path" value="C:\Program Files\Java\jdk1.8.0_73\jre\lib\resources.jar;C:\Program Files\Java\jdk1.8.0_73\jre\lib\rt.jar;C:\Program Files\Java\jdk1.8.0_73\jre\lib\sunrsasign.jar;C:\Program Files\Java\jdk1.8.0_73\jre\lib\jsse.jar;C:\Program Files\Java\jdk1.8.0_73\jre\lib\jce.jar;C:\Program Files\Java\jdk1.8.0_73\jre\lib\charsets.jar;C:\Program Files\Java\jdk1.8.0_73\jre\lib\jfr.jar;C:\Program Files\Java\jdk1.8.0_73\jre\classes"/>
    <property name="user.script" value=""/>
    <property name="sun.management.compiler" value="HotSpot 64-Bit Tiered Compilers"/>
    <property name="java.runtime.version" value="1.8.0_73-b02"/>
    <property name="user.name" value="Karthick Kumar"/>
    <property name="path.separator" value=";"/>
    <property name="os.version" value="6.3"/>
    <property name="java.endorsed.dirs" value="C:\Program Files\Java\jdk1.8.0_73\jre\lib\endorsed"/>
    <property name="java.runtime.name" value="Java(TM) SE Runtime Environment"/>
    <property name="file.encoding" value="Cp1252"/>
    <property name="java.vm.name" value="Java HotSpot(TM) 64-Bit Server VM"/>
    <property name="localRepository" value="C:\Users\Karthick Kumar\.m2\repository"/>
    <property name="java.vendor.url.bug" value="http://bugreport.sun.com/bugreport/"/>
    <property name="java.io.tmpdir" value="C:\Users\KARTHI~1\AppData\Local\Temp\"/>
    <property name="java.version" value="1.8.0_73"/>
    <property name="user.dir" value="E:\SeleniumAutomation\feb_batch\SampleSuchitaSwathiMavenProject"/>
    <property name="os.arch" value="amd64"/>
    <property name="java.vm.specification.name" value="Java Virtual Machine Specification"/>
    <property name="java.awt.printerjob" value="sun.awt.windows.WPrinterJob"/>
    <property name="sun.os.patch.level" value=""/>
    <property name="java.library.path" value="C:\Program Files\Java\jdk1.8.0_73\jre\bin;C:\Windows\Sun\Java\bin;C:\Windows\system32;C:\Windows;C:\ProgramData\Oracle\Java\javapath;C:\Windows\system32;C:\Windows;C:\Windows\System32\Wbem;C:\Windows\System32\WindowsPowerShell\v1.0\;C:\Program Files (x86)\Common Files\lenovo\easyplussdk\bin;E:\software\apache-maven-3.5.4-bin\apache-maven-3.5.4\bin;C:\ProgramData\Oracle\Java\javapath;C:\Windows\system32;C:\Windows;C:\Windows\System32\Wbem;C:\Windows\System32\WindowsPowerShell\v1.0\;C:\Program Files (x86)\Common Files\lenovo\easyplussdk\bin;C:\Program Files (x86)\Common Files\Adobe\AGL;E:\software\apache-maven-3.5.4-bin\apache-maven-3.5.4\bin;C:\Program Files\Git\cmd;C:\Program Files (x86)\Skype\Phone\;C:\Program Files\nodejs\;C:\Users\Karthick Kumar\AppData\Roaming\npm;C:\Program Files\Java\jdk1.8.0_73\bin;C:\Users\Karthick Kumar\AppData\Roaming\npm;."/>
    <property name="java.vm.info" value="mixed mode"/>
    <property name="java.vendor" value="Oracle Corporation"/>
    <property name="java.vm.version" value="25.73-b02"/>
    <property name="java.ext.dirs" value="C:\Program Files\Java\jdk1.8.0_73\jre\lib\ext;C:\Windows\Sun\Java\lib\ext"/>
    <property name="sun.io.unicode.encoding" value="UnicodeLittle"/>
    <property name="java.class.version" value="52.0"/>
  </properties>
  <testcase name="m1" classname="com.sample.selenium.testng.DataProviderSample" time="0.001"/>
  <testcase name="m1" classname="com.sample.selenium.testng.DataProviderSample" time="0.001"/>
  <testcase name="m1" classname="com.sample.selenium.testng.DataProviderSample" time="0.001"/>
  <testcase name="m1" classname="com.sample.selenium.testng.DataProviderSample" time="0.001"/>
  <testcase name="m1" classname="com.sample.selenium.testng.DataProviderSample" time="0"/>
  <testcase name="m1" classname="com.sample.selenium.testng.DataProviderSample" time="0.002"/>
  <testcase name="m1" classname="com.sample.selenium.testng.DataProviderSample" time="0.001"/>
  <testcase name="m1" classname="com.sample.selenium.testng.DataProviderSample" time="0.001"/>
  <testcase name="m1" classname="com.sample.selenium.testng.DataProviderSample" time="0.001"/>
  <testcase name="m1" classname="com.sample.selenium.testng.DataProviderSample" time="0"/>
  <testcase name="m1" classname="com.sample.selenium.testng.DataProviderSample" time="0.001"/>
  <testcase name="m1" classname="com.sample.selenium.testng.DataProviderSample" time="0"/>
  <testcase name="m1" classname="com.sample.selenium.testng.DataProviderSample" time="0"/>
  <testcase name="m1" classname="com.sample.selenium.testng.DataProviderSample" time="0"/>
  <testcase name="m1" classname="com.sample.selenium.testng.DataProviderSample" time="0.001"/>
  <testcase name="m1" classname="com.sample.selenium.testng.DataProviderSample" time="0"/>
  <testcase name="m1" classname="com.sample.selenium.testng.DataProviderSample" time="0.001"/>
  <testcase name="m1" classname="com.sample.selenium.testng.DataProviderSample" time="0"/>
  <testcase name="b_m1" classname="com.sample.selenium.testng.SampleClass" time="7.756">
    <failure message="expected [Please enter admin Username] but found [Please enter admin Username.]" type="java.lang.AssertionError">java.lang.AssertionError: expected [Please enter admin Username] but found [Please enter admin Username.]
	at com.sample.selenium.testng.SampleClass.b_m1(SampleClass.java:30)
</failure>
    <system-err><![CDATA[Starting ChromeDriver 2.41.578737 (49da6702b16031c40d63e5618de03a32ff6c197e) on port 45375
Only local connections are allowed.
Dec 25, 2018 5:24:51 PM org.openqa.selenium.remote.ProtocolHandshake createSession
INFO: Detected dialect: OSS
]]></system-err>
  </testcase>
  <testcase name="b_m1" classname="com.sample.selenium.testng.SampleClass" time="8.966">
    <failure message="expected [Please enter admin Username] but found [Please enter admin Username.]" type="java.lang.AssertionError">java.lang.AssertionError: expected [Please enter admin Username] but found [Please enter admin Username.]
	at com.sample.selenium.testng.SampleClass.b_m1(SampleClass.java:30)
</failure>
    <system-out><![CDATA[after test
after test
before test
before test
]]></system-out>
    <system-err><![CDATA[Starting ChromeDriver 2.41.578737 (49da6702b16031c40d63e5618de03a32ff6c197e) on port 49061
Only local connections are allowed.
Dec 25, 2018 5:25:13 PM org.openqa.selenium.remote.ProtocolHandshake createSession
INFO: Detected dialect: OSS
Starting ChromeDriver 2.41.578737 (49da6702b16031c40d63e5618de03a32ff6c197e) on port 46510
Only local connections are allowed.
Dec 25, 2018 5:25:19 PM org.openqa.selenium.remote.ProtocolHandshake createSession
INFO: Detected dialect: OSS
]]></system-err>
  </testcase>
  <testcase name="b_m1" classname="com.sample.selenium.testng.SampleClass" time="4.743">
    <failure message="expected [Please enter admin Username] but found [Please enter admin Username.]" type="java.lang.AssertionError">java.lang.AssertionError: expected [Please enter admin Username] but found [Please enter admin Username.]
	at com.sample.selenium.testng.SampleClass.b_m1(SampleClass.java:30)
</failure>
    <system-out><![CDATA[after test
after test
before test
]]></system-out>
    <system-err><![CDATA[Starting ChromeDriver 2.41.578737 (49da6702b16031c40d63e5618de03a32ff6c197e) on port 1988
Only local connections are allowed.
Dec 25, 2018 5:25:54 PM org.openqa.selenium.remote.ProtocolHandshake createSession
INFO: Detected dialect: OSS
]]></system-err>
  </testcase>
  <testcase name="a_m3" classname="com.sample.selenium.testng.SampleClass" time="0"/>
  <testcase name="a_m3" classname="com.sample.selenium.testng.SampleClass" time="0"/>
  <testcase name="a_m3" classname="com.sample.selenium.testng.SampleClass" time="0"/>
  <testcase name="a_m3" classname="com.sample.selenium.testng.SampleClass" time="0"/>
  <testcase name="e_m4" classname="com.sample.selenium.testng.SampleClass" time="0"/>
  <testcase name="e_m4" classname="com.sample.selenium.testng.SampleClass" time="0.005"/>
  <testcase name="e_m4" classname="com.sample.selenium.testng.SampleClass" time="0"/>
  <testcase name="e_m4" classname="com.sample.selenium.testng.SampleClass" time="0"/>
  <testcase name="d_m5" classname="com.sample.selenium.testng.SampleClass" time="0"/>
  <testcase name="d_m5" classname="com.sample.selenium.testng.SampleClass" time="0.001"/>
  <testcase name="d_m5" classname="com.sample.selenium.testng.SampleClass" time="0"/>
  <testcase name="c_m2" classname="com.sample.selenium.testng.SampleClass" time="0">
    <skipped/>
  </testcase>
  <testcase name="c_m2" classname="com.sample.selenium.testng.SampleClass" time="0">
    <skipped/>
  </testcase>
  <testcase name="c_m2" classname="com.sample.selenium.testng.SampleClass" time="0">
    <skipped/>
  </testcase>
  <testcase name="b_m1" classname="com.sample.selenium.testng.SampleClass2" time="0.002">
    <failure type="java.lang.NullPointerException">java.lang.NullPointerException
	at com.sample.selenium.testng.SampleClass2.b_m1(SampleClass2.java:20)
</failure>
  </testcase>
  <testcase name="b_m1" classname="com.sample.selenium.testng.SampleClass2" time="0">
    <failure type="java.lang.NullPointerException">java.lang.NullPointerException
	at com.sample.selenium.testng.SampleClass2.b_m1(SampleClass2.java:20)
</failure>
  </testcase>
  <testcase name="a_m3" classname="com.sample.selenium.testng.SampleClass2" time="0.001"/>
  <testcase name="a_m3" classname="com.sample.selenium.testng.SampleClass2" time="0.015"/>
  <testcase name="e_m4" classname="com.sample.selenium.testng.SampleClass2" time="0.001"/>
  <testcase name="e_m4" classname="com.sample.selenium.testng.SampleClass2" time="0"/>
  <testcase name="d_m5" classname="com.sample.selenium.testng.SampleClass2" time="0"/>
  <testcase name="d_m5" classname="com.sample.selenium.testng.SampleClass2" time="0.001"/>
  <testcase name="c_m2" classname="com.sample.selenium.testng.SampleClass2" time="0">
    <skipped/>
  </testcase>
  <testcase name="c_m2" classname="com.sample.selenium.testng.SampleClass2" time="0">
    <skipped/>
  </testcase>
  <testcase name="b_m1" classname="com.sample.selenium.testng.SampleClass3" time="13.033">
    <failure message="expected [Please enter admin Username] but found [Please enter admin Username.]" type="java.lang.AssertionError">java.lang.AssertionError: expected [Please enter admin Username] but found [Please enter admin Username.]
	at com.sample.selenium.testng.SampleClass3.b_m1(SampleClass3.java:30)
</failure>
    <system-err><![CDATA[Starting ChromeDriver 2.41.578737 (49da6702b16031c40d63e5618de03a32ff6c197e) on port 9472
Only local connections are allowed.
Dec 25, 2018 5:25:03 PM org.openqa.selenium.remote.ProtocolHandshake createSession
INFO: Detected dialect: OSS
]]></system-err>
  </testcase>
  <testcase name="b_m1" classname="com.sample.selenium.testng.SampleClass3" time="25.201">
    <failure message="chrome not reachable&#10;  (Session info: chrome=71.0.3578.98)&#10;  (Driver info: chromedriver=2.41.578737 (49da6702b16031c40d63e5618de03a32ff6c197e),platform=Windows NT 6.3.9600 x86_64) (WARNING: The server did not provide any stacktrace information)&#10;Command duration or timeout: 0 milliseconds&#10;Build info: version: &apos;3.141.59&apos;, revision: &apos;e82be7d358&apos;, time: &apos;2018-11-14T08:17:03&apos;&#10;System info: host: &apos;KARTHICK&apos;, ip: &apos;192.168.99.1&apos;, os.name: &apos;Windows 8.1&apos;, os.arch: &apos;amd64&apos;, os.version: &apos;6.3&apos;, java.version: &apos;1.8.0_73&apos;&#10;Driver info: org.openqa.selenium.chrome.ChromeDriver&#10;Capabilities {acceptInsecureCerts: false, acceptSslCerts: false, applicationCacheEnabled: false, browserConnectionEnabled: false, browserName: chrome, chrome: {chromedriverVersion: 2.41.578737 (49da6702b16031..., userDataDir: C:\Users\KARTHI~1\AppData\L...}, cssSelectorsEnabled: true, databaseEnabled: false, goog:chromeOptions: {debuggerAddress: localhost:64876}, handlesAlerts: true, hasTouchScreen: false, javascriptEnabled: true, locationContextEnabled: true, mobileEmulationEnabled: false, nativeEvents: true, networkConnectionEnabled: false, pageLoadStrategy: normal, platform: XP, platformName: XP, rotatable: false, setWindowRect: true, takesHeapSnapshot: true, takesScreenshot: true, unexpectedAlertBehaviour: , unhandledPromptBehavior: , version: 71.0.3578.98, webStorageEnabled: true}&#10;Session ID: e998e985876d4692d6e16b505e4552ea&#10;*** Element info: {Using=id, value=submit}" type="org.openqa.selenium.WebDriverException">org.openqa.selenium.WebDriverException: 
chrome not reachable
  (Session info: chrome=71.0.3578.98)
  (Driver info: chromedriver=2.41.578737 (49da6702b16031c40d63e5618de03a32ff6c197e),platform=Windows NT 6.3.9600 x86_64) (WARNING: The server did not provide any stacktrace information)
Command duration or timeout: 0 milliseconds
Build info: version: '3.141.59', revision: 'e82be7d358', time: '2018-11-14T08:17:03'
System info: host: 'KARTHICK', ip: '192.168.99.1', os.name: 'Windows 8.1', os.arch: 'amd64', os.version: '6.3', java.version: '1.8.0_73'
Driver info: org.openqa.selenium.chrome.ChromeDriver
Capabilities {acceptInsecureCerts: false, acceptSslCerts: false, applicationCacheEnabled: false, browserConnectionEnabled: false, browserName: chrome, chrome: {chromedriverVersion: 2.41.578737 (49da6702b16031..., userDataDir: C:\Users\KARTHI~1\AppData\L...}, cssSelectorsEnabled: true, databaseEnabled: false, goog:chromeOptions: {debuggerAddress: localhost:64876}, handlesAlerts: true, hasTouchScreen: false, javascriptEnabled: true, locationContextEnabled: true, mobileEmulationEnabled: false, nativeEvents: true, networkConnectionEnabled: false, pageLoadStrategy: normal, platform: XP, platformName: XP, rotatable: false, setWindowRect: true, takesHeapSnapshot: true, takesScreenshot: true, unexpectedAlertBehaviour: , unhandledPromptBehavior: , version: 71.0.3578.98, webStorageEnabled: true}
Session ID: e998e985876d4692d6e16b505e4552ea
*** Element info: {Using=id, value=submit}
	at com.sample.selenium.testng.SampleClass3.b_m1(SampleClass3.java:24)
</failure>
    <system-err><![CDATA[Starting ChromeDriver 2.41.578737 (49da6702b16031c40d63e5618de03a32ff6c197e) on port 10185
Only local connections are allowed.
Dec 25, 2018 5:25:28 PM org.openqa.selenium.remote.ProtocolHandshake createSession
INFO: Detected dialect: OSS
[1545738941.515][WARNING]: Timed out connecting to Chrome, retrying...
[1545738947.524][WARNING]: Timed out connecting to Chrome, retrying...
]]></system-err>
  </testcase>
  <testcase name="a_m3" classname="com.sample.selenium.testng.SampleClass3" time="0.001"/>
  <testcase name="a_m3" classname="com.sample.selenium.testng.SampleClass3" time="0"/>
  <testcase name="e_m4" classname="com.sample.selenium.testng.SampleClass3" time="0"/>
  <testcase name="e_m4" classname="com.sample.selenium.testng.SampleClass3" time="0.001"/>
  <testcase name="d_m5" classname="com.sample.selenium.testng.SampleClass3" time="0"/>
  <testcase name="d_m5" classname="com.sample.selenium.testng.SampleClass3" time="0"/>
  <testcase name="c_m2" classname="com.sample.selenium.testng.SampleClass3" time="0">
    <skipped/>
  </testcase>
  <testcase name="c_m2" classname="com.sample.selenium.testng.SampleClass3" time="0">
    <skipped/>
  </testcase>
  <testcase name="m1" classname="com.sample.selenium.testng.XmlParameterSample" time="0.001"/>
</testsuite>